#
# A fatal error has been detected by the Java Runtime Environment:
#
#  SIGSEGV (0xb) at pc=0xa75c475d, pid=10644, tid=0x648b6b40
#
# JRE version: Java(TM) SE Runtime Environment (8.0_101-b13) (build 1.8.0_101-b13)
# Java VM: Java HotSpot(TM) Server VM (25.101-b13 mixed mode linux-x86 )
# Problematic frame:
# v  ~BufferBlob::jni_fast_GetLongField
#
# Failed to write core dump. Core dumps have been disabled. To enable core dumping, try "ulimit -c unlimited" before starting Java again
#
# If you would like to submit a bug report, please visit:
#   http://bugreport.java.com/bugreport/crash.jsp
# The crash happened outside the Java Virtual Machine in native code.
# See problematic frame for where to report the bug.
#

---------------  T H R E A D  ---------------

Current thread (0x64704800):  JavaThread "AWT-XAWT" daemon [_thread_in_native, id=10664, stack(0x64866000,0x648b7000)]

siginfo: si_signo: 11 (SIGSEGV), si_code: 1 (SEGV_MAPERR), si_addr: 0x00000000

Registers:
EAX=0x00000000, EBX=0x64e4f624, ECX=0x000002ba, EDX=0x00000000
ESP=0x648b5988, EBP=0x648b59c8, ESI=0x00000042, EDI=0x00000000
EIP=0xa75c475d, EFLAGS=0x00010246, CR2=0x00000000

Top of Stack: (sp=0x648b5988)
0x648b5988:   64704938 64e3911d 64704938 00000000
0x648b5998:   00000042 649b5084 64dd3204 64704938
0x648b59a8:   648b59c8 00000000 b7179864 00010002
0x648b59b8:   64b45b00 64afd000 6473fc50 00000000
0x648b59c8:   6473f618 64a29e18 6473f618 00000000
0x648b59d8:   00000000 64afd000 64afd000 64dd2818
0x648b59e8:   64a29db9 64afd000 6473fbd8 00e00003
0x648b59f8:   64b4fcb8 64a212e8 6473f618 6460e870 

Instructions: (pc=0xa75c475d)
0xa75c473d:   00 00 00 56 8b 0d 28 20 1a b7 f6 c1 01 0f 85 30
0xa75c474d:   00 00 00 8b c1 83 e0 01 8b 54 04 0c 8b 74 24 10
0xa75c475d:   8b 12 c1 ee 02 8b 04 32 8b 54 32 04 be 28 20 1a
0xa75c476d:   b7 33 f2 33 f0 33 f2 33 f0 3b 0e 0f 85 02 00 00 

Register to memory mapping:

EAX=0x00000000 is an unknown value
EBX=0x64e4f624: <offset 0x4c624> in /home/arun/jdk1.8.0_101/jre/lib/i386/libawt_xawt.so at 0x64e03000
ECX=0x000002ba is an unknown value
EDX=0x00000000 is an unknown value
ESP=0x648b5988 is pointing into the stack for thread: 0x64704800
EBP=0x648b59c8 is pointing into the stack for thread: 0x64704800
ESI=0x00000042 is an unknown value
EDI=0x00000000 is an unknown value


Stack: [0x64866000,0x648b7000],  sp=0x648b5988,  free space=318k
Native frames: (J=compiled Java code, j=interpreted, Vv=VM code, C=native code)
v  ~BufferBlob::jni_fast_GetLongField
C  [libX11.so.6+0x5de18]  _XimServerDestroy+0x68

Java frames: (J=compiled Java code, j=interpreted, Vv=VM code)
J 1489  sun.awt.X11.XlibWrapper.XFilterEvent(JJ)Z (0 bytes) @ 0xa791dcb6 [0xa791dc60+0x56]
j  sun.awt.X11.XToolkit.run(Z)V+300
j  sun.awt.X11.XToolkit.run()V+5
j  java.lang.Thread.run()V+11
v  ~StubRoutines::call_stub

---------------  P R O C E S S  ---------------

Java Threads: ( => current thread )
  0x6292a400 JavaThread "MongoCleaner33254473" daemon [_thread_blocked, id=10775, stack(0x5ecc8000,0x5ed19000)]
  0x62929000 JavaThread "MongoCleaner26885886" daemon [_thread_blocked, id=10773, stack(0x5ed19000,0x5ed6a000)]
  0x62927c00 JavaThread "MongoCleaner10344611" daemon [_thread_blocked, id=10771, stack(0x5ed6a000,0x5edbb000)]
  0x62926800 JavaThread "MongoCleaner26410809" daemon [_thread_blocked, id=10769, stack(0x5edbb000,0x5ee0c000)]
  0x62925800 JavaThread "MongoCleaner23751226" daemon [_thread_blocked, id=10767, stack(0x5ee0c000,0x5ee5d000)]
  0x62924400 JavaThread "MongoCleaner4881794" daemon [_thread_blocked, id=10765, stack(0x5ee5d000,0x5eeae000)]
  0x62917800 JavaThread "MongoCleaner26252398" daemon [_thread_blocked, id=10763, stack(0x5eeae000,0x5eeff000)]
  0x62916400 JavaThread "MongoCleaner29699386" daemon [_thread_blocked, id=10761, stack(0x5eeff000,0x5ef50000)]
  0x62910400 JavaThread "MongoCleaner12433698" daemon [_thread_blocked, id=10759, stack(0x5ef50000,0x5efa1000)]
  0x62937800 JavaThread "MongoCleaner25818486" daemon [_thread_blocked, id=10757, stack(0x5efa1000,0x5eff2000)]
  0x62937400 JavaThread "MongoCleaner19382552" daemon [_thread_blocked, id=10754, stack(0x5f032000,0x5f083000)]
  0x63125400 JavaThread "MongoCleaner16385815" daemon [_thread_blocked, id=10724, stack(0x62af0000,0x62b41000)]
  0x63111800 JavaThread "MongoCleaner11653629" daemon [_thread_blocked, id=10722, stack(0x62b41000,0x62b92000)]
  0x63110400 JavaThread "MongoCleaner17353021" daemon [_thread_blocked, id=10720, stack(0x62b92000,0x62be3000)]
  0x6310f000 JavaThread "MongoCleaner25510333" daemon [_thread_blocked, id=10718, stack(0x62be3000,0x62c34000)]
  0x6310e400 JavaThread "MongoCleaner32262714" daemon [_thread_blocked, id=10716, stack(0x62c34000,0x62c85000)]
  0x6310c800 JavaThread "MongoCleaner20191941" daemon [_thread_blocked, id=10714, stack(0x62c85000,0x62cd6000)]
  0x6310b400 JavaThread "MongoCleaner31531384" daemon [_thread_blocked, id=10712, stack(0x62cd6000,0x62d27000)]
  0x63109000 JavaThread "MongoCleaner3932352" daemon [_thread_blocked, id=10710, stack(0x62d27000,0x62d78000)]
  0x63104000 JavaThread "MongoCleaner26839120" daemon [_thread_blocked, id=10706, stack(0x62d78000,0x62dc9000)]
  0x63100400 JavaThread "MongoCleaner5237918" daemon [_thread_blocked, id=10704, stack(0x6455e000,0x645af000)]
  0x63107800 JavaThread "MongoCleaner27841217" daemon [_thread_blocked, id=10702, stack(0x6440d000,0x6445e000)]
  0x63170c00 JavaThread "MongoCleaner15566424" daemon [_thread_blocked, id=10699, stack(0x62ec9000,0x62f1a000)]
  0x6316fc00 JavaThread "MongoCleaner29999439" daemon [_thread_blocked, id=10697, stack(0x62f1a000,0x62f6b000)]
  0x6316e800 JavaThread "MongoCleaner22040377" daemon [_thread_blocked, id=10695, stack(0x62f6b000,0x62fbc000)]
  0x6316d400 JavaThread "MongoCleaner26739809" daemon [_thread_blocked, id=10693, stack(0x62fbc000,0x6300d000)]
  0x6316c400 JavaThread "MongoCleaner7951909" daemon [_thread_blocked, id=10691, stack(0x6300d000,0x6305e000)]
  0x6316b000 JavaThread "MongoCleaner32958276" daemon [_thread_blocked, id=10689, stack(0x6305e000,0x630af000)]
  0x63169800 JavaThread "MongoCleaner1224589" daemon [_thread_blocked, id=10687, stack(0x630af000,0x63100000)]
  0x63ce2c00 JavaThread "MongoCleaner16109055" daemon [_thread_blocked, id=10682, stack(0x6335e000,0x633af000)]
  0x63ce1c00 JavaThread "MongoCleaner20823348" daemon [_thread_blocked, id=10680, stack(0x633af000,0x63400000)]
  0x64746800 JavaThread "TimerQueue" daemon [_thread_blocked, id=10669, stack(0x63d6d000,0x63dbe000)]
  0xb6607800 JavaThread "DestroyJavaVM" [_thread_blocked, id=10648, stack(0xb6701000,0xb6752000)]
  0x64707400 JavaThread "AWT-EventQueue-0" [_thread_blocked, id=10666, stack(0x646af000,0x64700000)]
  0x64706000 JavaThread "AWT-Shutdown" [_thread_blocked, id=10665, stack(0x64815000,0x64866000)]
=>0x64704800 JavaThread "AWT-XAWT" daemon [_thread_in_native, id=10664, stack(0x64866000,0x648b7000)]
  0x64df2800 JavaThread "Java2D Disposer" daemon [_thread_blocked, id=10663, stack(0x648c8000,0x64919000)]
  0x65338800 JavaThread "Service Thread" daemon [_thread_blocked, id=10658, stack(0x64f0b000,0x64f5c000)]
  0x65335800 JavaThread "C1 CompilerThread1" daemon [_thread_blocked, id=10657, stack(0x64f5c000,0x64fdd000)]
  0x65333800 JavaThread "C2 CompilerThread0" daemon [_thread_blocked, id=10656, stack(0x64fdd000,0x6505e000)]
  0x65332000 JavaThread "Signal Dispatcher" daemon [_thread_blocked, id=10655, stack(0x6505e000,0x650af000)]
  0x65318000 JavaThread "Finalizer" daemon [_thread_blocked, id=10654, stack(0x652af000,0x65300000)]
  0x65315000 JavaThread "Reference Handler" daemon [_thread_blocked, id=10653, stack(0x67f05000,0x67f56000)]

Other Threads:
  0x65310800 VMThread [stack: 0x6540e000,0x6548f000] [id=10652]
  0x6533ac00 WatcherThread [stack: 0x64e8a000,0x64f0b000] [id=10659]

VM state:not at safepoint (normal execution)

VM Mutex/Monitor currently owned by a thread: None

Heap:
 PSYoungGen      total 23296K, used 10933K [0x92180000, 0x94040000, 0xa7000000)
  eden space 16128K, 39% used [0x92180000,0x927a6068,0x93140000)
  from space 7168K, 64% used [0x93940000,0x93dc75d8,0x94040000)
  to   space 7680K, 0% used [0x93140000,0x93140000,0x938c0000)
 ParOldGen       total 43776K, used 12511K [0x68400000, 0x6aec0000, 0x92180000)
  object space 43776K, 28% used [0x68400000,0x69037c48,0x6aec0000)
 Metaspace       used 14622K, capacity 14820K, committed 14872K, reserved 15664K

Card table byte_map: [0x68209000,0x68400000] byte_map_base: 0x67ec7000

Marking Bits: (ParMarkBitMap*) 0xb71a18e0
 Begin Bits: [0x65ea0000, 0x66e50000)
 End Bits:   [0x66e50000, 0x67e00000)

Polling page: 0xb77a8000

CodeCache: size=245760Kb used=9637Kb max_used=9688Kb free=236122Kb
 bounds [0xa756f000, 0xa7eff000, 0xb656f000]
 total_blobs=3842 nmethods=3520 adapters=236
 compilation: enabled

Compilation events (10 events):
Event: 6449.360 Thread 0x65335800 3968   !   3       java.lang.ref.ReferenceQueue::enqueue (119 bytes)
Event: 6449.360 Thread 0x65335800 nmethod 3968 0xa7694e48 code [0xa7694fc0, 0xa769556c]
Event: 9649.167 Thread 0x65333800 3973   !   4       sun.awt.X11.XToolkit::dispatchEvent (181 bytes)
Event: 9649.456 Thread 0x65333800 nmethod 3973 0xa7ee5488 code [0xa7ee5e80, 0xa7eeae58]
Event: 10259.192 Thread 0x65333800 3974   !   4       sun.awt.X11.XDragSourceContextPeer::doProcessEvent (690 bytes)
Event: 10259.193 Thread 0x65333800 nmethod 3974 0xa769b4c8 code [0xa769b5c0, 0xa769b670]
Event: 12082.960 Thread 0x65333800 3975       4       java.util.Vector$Itr::hasNext (20 bytes)
Event: 12082.961 Thread 0x65333800 nmethod 3975 0xa7628448 code [0xa7628540, 0xa76285b0]
Event: 12308.466 Thread 0x65333800 3976   !   4       sun.awt.X11.XToolkit::notifyListeners (100 bytes)
Event: 12308.477 Thread 0x65333800 nmethod 3976 0xa79635c8 code [0xa79636e0, 0xa79638f0]

GC Heap History (10 events):
Event: 37.288 GC heap before
{Heap before GC invocations=2 (full 0):
 PSYoungGen      total 19200K, used 19199K [0x92180000, 0x936c0000, 0xa7000000)
  eden space 16640K, 100% used [0x92180000,0x931c0000,0x931c0000)
  from space 2560K, 99% used [0x931c0000,0x9343ffa8,0x93440000)
  to   space 2560K, 0% used [0x93440000,0x93440000,0x936c0000)
 ParOldGen       total 43776K, used 914K [0x68400000, 0x6aec0000, 0x92180000)
  object space 43776K, 2% used [0x68400000,0x684e4880,0x6aec0000)
 Metaspace       used 10553K, capacity 10729K, committed 10776K, reserved 11568K
Event: 37.305 GC heap after
Heap after GC invocations=2 (full 0):
 PSYoungGen      total 19200K, used 2551K [0x92180000, 0x936c0000, 0xa7000000)
  eden space 16640K, 0% used [0x92180000,0x92180000,0x931c0000)
  from space 2560K, 99% used [0x93440000,0x936bdfa8,0x936c0000)
  to   space 2560K, 0% used [0x931c0000,0x931c0000,0x93440000)
 ParOldGen       total 43776K, used 1792K [0x68400000, 0x6aec0000, 0x92180000)
  object space 43776K, 4% used [0x68400000,0x685c02d8,0x6aec0000)
 Metaspace       used 10553K, capacity 10729K, committed 10776K, reserved 11568K
}
Event: 54.631 GC heap before
{Heap before GC invocations=3 (full 0):
 PSYoungGen      total 19200K, used 19191K [0x92180000, 0x936c0000, 0xa7000000)
  eden space 16640K, 100% used [0x92180000,0x931c0000,0x931c0000)
  from space 2560K, 99% used [0x93440000,0x936bdfa8,0x936c0000)
  to   space 2560K, 0% used [0x931c0000,0x931c0000,0x93440000)
 ParOldGen       total 43776K, used 1792K [0x68400000, 0x6aec0000, 0x92180000)
  object space 43776K, 4% used [0x68400000,0x685c02d8,0x6aec0000)
 Metaspace       used 12439K, capacity 12624K, committed 12696K, reserved 13616K
Event: 54.669 GC heap after
Heap after GC invocations=3 (full 0):
 PSYoungGen      total 19200K, used 2546K [0x92180000, 0x936c0000, 0xa7000000)
  eden space 16640K, 0% used [0x92180000,0x92180000,0x931c0000)
  from space 2560K, 99% used [0x931c0000,0x9343c968,0x93440000)
  to   space 2560K, 0% used [0x93440000,0x93440000,0x936c0000)
 ParOldGen       total 43776K, used 4322K [0x68400000, 0x6aec0000, 0x92180000)
  object space 43776K, 9% used [0x68400000,0x68838bc8,0x6aec0000)
 Metaspace       used 12439K, capacity 12624K, committed 12696K, reserved 13616K
}
Event: 116.514 GC heap before
{Heap before GC invocations=4 (full 0):
 PSYoungGen      total 19200K, used 19186K [0x92180000, 0x936c0000, 0xa7000000)
  eden space 16640K, 100% used [0x92180000,0x931c0000,0x931c0000)
  from space 2560K, 99% used [0x931c0000,0x9343c968,0x93440000)
  to   space 2560K, 0% used [0x93440000,0x93440000,0x936c0000)
 ParOldGen       total 43776K, used 4322K [0x68400000, 0x6aec0000, 0x92180000)
  object space 43776K, 9% used [0x68400000,0x68838bc8,0x6aec0000)
 Metaspace       used 13460K, capacity 13666K, committed 13720K, reserved 14640K
Event: 116.559 GC heap after
Heap after GC invocations=4 (full 0):
 PSYoungGen      total 19200K, used 2551K [0x92180000, 0x936c0000, 0xa7000000)
  eden space 16640K, 0% used [0x92180000,0x92180000,0x931c0000)
  from space 2560K, 99% used [0x93440000,0x936bddb8,0x936c0000)
  to   space 2560K, 0% used [0x931c0000,0x931c0000,0x93440000)
 ParOldGen       total 43776K, used 8814K [0x68400000, 0x6aec0000, 0x92180000)
  object space 43776K, 20% used [0x68400000,0x68c9baf8,0x6aec0000)
 Metaspace       used 13460K, capacity 13666K, committed 13720K, reserved 14640K
}
Event: 189.223 GC heap before
{Heap before GC invocations=5 (full 0):
 PSYoungGen      total 19200K, used 19191K [0x92180000, 0x936c0000, 0xa7000000)
  eden space 16640K, 100% used [0x92180000,0x931c0000,0x931c0000)
  from space 2560K, 99% used [0x93440000,0x936bddb8,0x936c0000)
  to   space 2560K, 0% used [0x931c0000,0x931c0000,0x93440000)
 ParOldGen       total 43776K, used 8814K [0x68400000, 0x6aec0000, 0x92180000)
  object space 43776K, 20% used [0x68400000,0x68c9baf8,0x6aec0000)
 Metaspace       used 14480K, capacity 14692K, committed 14744K, reserved 15664K
Event: 189.253 GC heap after
Heap after GC invocations=5 (full 0):
 PSYoungGen      total 18944K, used 2544K [0x92180000, 0x94100000, 0xa7000000)
  eden space 16384K, 0% used [0x92180000,0x92180000,0x93180000)
  from space 2560K, 99% used [0x931c0000,0x9343c240,0x93440000)
  to   space 7936K, 0% used [0x93940000,0x93940000,0x94100000)
 ParOldGen       total 43776K, used 12511K [0x68400000, 0x6aec0000, 0x92180000)
  object space 43776K, 28% used [0x68400000,0x69037c48,0x6aec0000)
 Metaspace       used 14480K, capacity 14692K, committed 14744K, reserved 15664K
}
Event: 6449.326 GC heap before
{Heap before GC invocations=6 (full 0):
 PSYoungGen      total 18944K, used 18928K [0x92180000, 0x94100000, 0xa7000000)
  eden space 16384K, 100% used [0x92180000,0x93180000,0x93180000)
  from space 2560K, 99% used [0x931c0000,0x9343c240,0x93440000)
  to   space 7936K, 0% used [0x93940000,0x93940000,0x94100000)
 ParOldGen       total 43776K, used 12511K [0x68400000, 0x6aec0000, 0x92180000)
  object space 43776K, 28% used [0x68400000,0x69037c48,0x6aec0000)
 Metaspace       used 14617K, capacity 14820K, committed 14872K, reserved 15664K
Event: 6449.349 GC heap after
Heap after GC invocations=6 (full 0):
 PSYoungGen      total 23296K, used 4637K [0x92180000, 0x94040000, 0xa7000000)
  eden space 16128K, 0% used [0x92180000,0x92180000,0x93140000)
  from space 7168K, 64% used [0x93940000,0x93dc75d8,0x94040000)
  to   space 7680K, 0% used [0x93140000,0x93140000,0x938c0000)
 ParOldGen       total 43776K, used 12511K [0x68400000, 0x6aec0000, 0x92180000)
  object space 43776K, 28% used [0x68400000,0x69037c48,0x6aec0000)
 Metaspace       used 14617K, capacity 14820K, committed 14872K, reserved 15664K
}

Deoptimization events (10 events):
Event: 123.201 Thread 0x64704800 Uncommon trap: reason=unstable_if action=reinterpret pc=0xa78a6bf4 method=sun.awt.X11.XWindow.getModifiers(III)I @ 116
Event: 132.143 Thread 0x64707400 Uncommon trap: reason=unstable_if action=reinterpret pc=0xa7a88728 method=java.util.HashMap.putVal(ILjava/lang/Object;Ljava/lang/Object;ZZ)Ljava/lang/Object; @ 206
Event: 132.316 Thread 0x64707400 Uncommon trap: reason=unstable_if action=reinterpret pc=0xa7b4ca34 method=java.util.HashMap.putVal(ILjava/lang/Object;Ljava/lang/Object;ZZ)Ljava/lang/Object; @ 206
Event: 132.448 Thread 0x64707400 Uncommon trap: reason=unstable_if action=reinterpret pc=0xa78766a8 method=java.util.HashMap.getNode(ILjava/lang/Object;)Ljava/util/HashMap$Node; @ 129
Event: 132.448 Thread 0x64707400 Uncommon trap: reason=unstable_if action=reinterpret pc=0xa7868704 method=java.util.HashMap.getNode(ILjava/lang/Object;)Ljava/util/HashMap$Node; @ 129
Event: 180.897 Thread 0x64707400 Uncommon trap: reason=unstable_if action=reinterpret pc=0xa7bdea08 method=java.awt.Component.getFocusTraversalKeys_NoIDCheck(I)Ljava/util/Set; @ 4
Event: 191.288 Thread 0x64707400 Uncommon trap: reason=unstable_if action=reinterpret pc=0xa7d943e0 method=java.lang.CharacterDataLatin1.digit(II)I @ 82
Event: 222.453 Thread 0x64707400 Uncommon trap: reason=unstable_if action=reinterpret pc=0xa7e4248c method=sun.java2d.pipe.Region.dimAdd(II)I @ 1
Event: 259.105 Thread 0x64704800 Uncommon trap: reason=unstable_if action=reinterpret pc=0xa7de3630 method=sun.awt.X11.XWindow.getModifiers(III)I @ 105
Event: 12495.900 Thread 0x64704800 Uncommon trap: reason=bimorphic action=maybe_recompile pc=0xa7ee91dc method=sun.awt.X11.XToolkit.dispatchEvent(Lsun/awt/X11/XEvent;)V @ 167

Internal exceptions (10 events):
Event: 115.811 Thread 0x64707400 Exception <a 'java/lang/UnsupportedOperationException': > (0x9318db00) thrown at [/HUDSON/workspace/8-2-build-linux-i586/jdk8u101/7261/hotspot/src/share/vm/prims/jni.cpp, line 735]
Event: 133.129 Thread 0x64707400 Exception <a 'java/lang/UnsupportedOperationException': > (0x92e22988) thrown at [/HUDSON/workspace/8-2-build-linux-i586/jdk8u101/7261/hotspot/src/share/vm/prims/jni.cpp, line 735]
Event: 154.070 Thread 0x64707400 Exception <a 'java/lang/UnsupportedOperationException': > (0x92e930d8) thrown at [/HUDSON/workspace/8-2-build-linux-i586/jdk8u101/7261/hotspot/src/share/vm/prims/jni.cpp, line 735]
Event: 176.718 Thread 0x64707400 Exception <a 'java/lang/UnsupportedOperationException': > (0x93011bf0) thrown at [/HUDSON/workspace/8-2-build-linux-i586/jdk8u101/7261/hotspot/src/share/vm/prims/jni.cpp, line 735]
Event: 181.171 Thread 0x64707400 Exception <a 'java/lang/UnsupportedOperationException': > (0x93155130) thrown at [/HUDSON/workspace/8-2-build-linux-i586/jdk8u101/7261/hotspot/src/share/vm/prims/jni.cpp, line 735]
Event: 191.595 Thread 0x64707400 Exception <a 'java/lang/UnsupportedOperationException': > (0x922e6f78) thrown at [/HUDSON/workspace/8-2-build-linux-i586/jdk8u101/7261/hotspot/src/share/vm/prims/jni.cpp, line 735]
Event: 195.813 Thread 0x64707400 Exception <a 'java/lang/UnsupportedOperationException': > (0x923a5bd8) thrown at [/HUDSON/workspace/8-2-build-linux-i586/jdk8u101/7261/hotspot/src/share/vm/prims/jni.cpp, line 735]
Event: 222.492 Thread 0x64707400 Exception <a 'java/lang/UnsupportedOperationException': > (0x9271e190) thrown at [/HUDSON/workspace/8-2-build-linux-i586/jdk8u101/7261/hotspot/src/share/vm/prims/jni.cpp, line 735]
Event: 231.683 Thread 0x64707400 Exception <a 'java/lang/UnsupportedOperationException': > (0x92851448) thrown at [/HUDSON/workspace/8-2-build-linux-i586/jdk8u101/7261/hotspot/src/share/vm/prims/jni.cpp, line 735]
Event: 256.252 Thread 0x64707400 Exception <a 'java/lang/UnsupportedOperationException': > (0x929eb5b8) thrown at [/HUDSON/workspace/8-2-build-linux-i586/jdk8u101/7261/hotspot/src/share/vm/prims/jni.cpp, line 735]

Events (10 events):
Event: 10356.462 Thread 0x63100400 DEOPT PACKING pc=0xa7ed39f5 sp=0x645adb40
Event: 10356.462 Thread 0x63100400 DEOPT UNPACKING pc=0xa75ab310 sp=0x645ad9e8 mode 0
Event: 12082.961 Thread 0x65333800 flushing nmethod 0xa7a27dc8
Event: 12082.961 Thread 0x65333800 flushing nmethod 0xa7a39748
Event: 12308.478 Thread 0x65333800 flushing nmethod 0xa7ac3fc8
Event: 12495.900 Thread 0x64704800 Uncommon trap: trap_request=0xffffffc6 fr.pc=0xa7ee91dc
Event: 12495.900 Thread 0x64704800 DEOPT PACKING pc=0xa7ee91dc sp=0x648b5a70
Event: 12495.900 Thread 0x64704800 DEOPT UNPACKING pc=0xa75a9bd5 sp=0x648b5a7c mode 2
Event: 12495.900 loading class sun/awt/X11/XDestroyWindowEvent
Event: 12495.900 loading class sun/awt/X11/XDestroyWindowEvent done


Dynamic libraries:
08048000-08049000 r-xp 00000000 08:07 271195     /home/arun/jdk1.8.0_101/bin/java
08049000-0804a000 rw-p 00000000 08:07 271195     /home/arun/jdk1.8.0_101/bin/java
08e19000-0990e000 rw-p 00000000 00:00 0          [heap]
5ecc8000-5eccb000 ---p 00000000 00:00 0 
5eccb000-5ed19000 rw-p 00000000 00:00 0 
5ed19000-5ed1c000 ---p 00000000 00:00 0 
5ed1c000-5ed6a000 rw-p 00000000 00:00 0 
5ed6a000-5ed6d000 ---p 00000000 00:00 0 
5ed6d000-5edbb000 rw-p 00000000 00:00 0 
5edbb000-5edbe000 ---p 00000000 00:00 0 
5edbe000-5ee0c000 rw-p 00000000 00:00 0 
5ee0c000-5ee0f000 ---p 00000000 00:00 0 
5ee0f000-5ee5d000 rw-p 00000000 00:00 0 
5ee5d000-5ee60000 ---p 00000000 00:00 0 
5ee60000-5eeae000 rw-p 00000000 00:00 0 
5eeae000-5eeb1000 ---p 00000000 00:00 0 
5eeb1000-5eeff000 rw-p 00000000 00:00 0 
5eeff000-5ef02000 ---p 00000000 00:00 0 
5ef02000-5ef50000 rw-p 00000000 00:00 0 
5ef50000-5ef53000 ---p 00000000 00:00 0 
5ef53000-5efa1000 rw-p 00000000 00:00 0 
5efa1000-5efa4000 ---p 00000000 00:00 0 
5efa4000-5eff2000 rw-p 00000000 00:00 0 
5f032000-5f035000 ---p 00000000 00:00 0 
5f035000-5f083000 rw-p 00000000 00:00 0 
5f0a3000-5f0b4000 rw-s 00000000 00:05 2055831572  /SYSV00000000 (deleted)
5f0b4000-5f0da000 r-xp 00000000 08:07 399380     /home/arun/jdk1.8.0_101/jre/lib/i386/libdcpr.so
5f0da000-5f0dd000 rw-p 00025000 08:07 399380     /home/arun/jdk1.8.0_101/jre/lib/i386/libdcpr.so
5f0dd000-5f11d000 rw-p 00000000 00:00 0 
5f11d000-5f1dd000 ---p 00000000 00:00 0 
5f1dd000-5f1de000 ---p 00000000 00:00 0 
5f1de000-5f9de000 rw-p 00000000 00:00 0 
5f9de000-5f9df000 ---p 00000000 00:00 0 
5f9df000-601df000 rw-p 00000000 00:00 0 
601df000-601fd000 r--s 00000000 08:07 2757090    /usr/share/mime/mime.cache
601fd000-601fe000 ---p 00000000 00:00 0 
601fe000-609fe000 rw-p 00000000 00:00 0 
609fe000-609ff000 ---p 00000000 00:00 0 
609ff000-611ff000 rw-p 00000000 00:00 0 
611ff000-61200000 ---p 00000000 00:00 0 
61200000-61a00000 rw-p 00000000 00:00 0 
61a00000-61a49000 r-xp 00000000 08:07 394543     /lib/i386-linux-gnu/libdbus-1.so.3.7.6
61a49000-61a4a000 r--p 00048000 08:07 394543     /lib/i386-linux-gnu/libdbus-1.so.3.7.6
61a4a000-61a4b000 rw-p 00049000 08:07 394543     /lib/i386-linux-gnu/libdbus-1.so.3.7.6
61a4b000-61a62000 r-xp 00000000 08:07 394593     /lib/i386-linux-gnu/libnih.so.1.0.0
61a62000-61a63000 r--p 00016000 08:07 394593     /lib/i386-linux-gnu/libnih.so.1.0.0
61a63000-61a64000 rw-p 00017000 08:07 394593     /lib/i386-linux-gnu/libnih.so.1.0.0
61a64000-61a80000 r-xp 00000000 08:07 394534     /lib/i386-linux-gnu/libcgmanager.so.0.0.0
61a80000-61a81000 r--p 0001b000 08:07 394534     /lib/i386-linux-gnu/libcgmanager.so.0.0.0
61a81000-61a82000 rw-p 0001c000 08:07 394534     /lib/i386-linux-gnu/libcgmanager.so.0.0.0
61a82000-61a93000 r-xp 00000000 08:07 394677     /lib/i386-linux-gnu/libudev.so.1.3.5
61a93000-61a94000 r--p 00010000 08:07 394677     /lib/i386-linux-gnu/libudev.so.1.3.5
61a94000-61a95000 rw-p 00011000 08:07 394677     /lib/i386-linux-gnu/libudev.so.1.3.5
61aa8000-61aad000 r--p 00000000 08:07 283776     /home/arun/.config/dconf/user (deleted)
61aad000-61adf000 r-xp 00000000 08:07 2366843    /usr/lib/i386-linux-gnu/gvfs/libgvfscommon.so
61adf000-61ae1000 r--p 00032000 08:07 2366843    /usr/lib/i386-linux-gnu/gvfs/libgvfscommon.so
61ae1000-61ae2000 rw-p 00034000 08:07 2366843    /usr/lib/i386-linux-gnu/gvfs/libgvfscommon.so
61ae2000-61b12000 r-xp 00000000 08:07 2366543    /usr/lib/i386-linux-gnu/gio/modules/libgvfsdbus.so
61b12000-61b13000 r--p 0002f000 08:07 2366543    /usr/lib/i386-linux-gnu/gio/modules/libgvfsdbus.so
61b13000-61b14000 rw-p 00030000 08:07 2366543    /usr/lib/i386-linux-gnu/gio/modules/libgvfsdbus.so
61b14000-61b2d000 r-xp 00000000 08:07 2366542    /usr/lib/i386-linux-gnu/gio/modules/libgioremote-volume-monitor.so
61b2d000-61b2e000 ---p 00019000 08:07 2366542    /usr/lib/i386-linux-gnu/gio/modules/libgioremote-volume-monitor.so
61b2e000-61b2f000 r--p 00019000 08:07 2366542    /usr/lib/i386-linux-gnu/gio/modules/libgioremote-volume-monitor.so
61b2f000-61b30000 rw-p 0001a000 08:07 2366542    /usr/lib/i386-linux-gnu/gio/modules/libgioremote-volume-monitor.so
61b30000-61c0c000 r-xp 00000000 08:07 2365515    /usr/lib/i386-linux-gnu/libstdc++.so.6.0.19
61c0c000-61c10000 r--p 000dc000 08:07 2365515    /usr/lib/i386-linux-gnu/libstdc++.so.6.0.19
61c10000-61c11000 rw-p 000e0000 08:07 2365515    /usr/lib/i386-linux-gnu/libstdc++.so.6.0.19
61c11000-61c18000 rw-p 00000000 00:00 0 
61c18000-61c36000 r-xp 00000000 08:07 2365388    /usr/lib/i386-linux-gnu/libproxy.so.1.0.0
61c36000-61c37000 ---p 0001e000 08:07 2365388    /usr/lib/i386-linux-gnu/libproxy.so.1.0.0
61c37000-61c38000 r--p 0001e000 08:07 2365388    /usr/lib/i386-linux-gnu/libproxy.so.1.0.0
61c38000-61c39000 rw-p 0001f000 08:07 2365388    /usr/lib/i386-linux-gnu/libproxy.so.1.0.0
61c39000-61c79000 r--p 00000000 08:07 2761934    /usr/share/glib-2.0/schemas/gschemas.compiled
61c79000-61c80000 r-xp 00000000 08:07 2365329    /usr/lib/i386-linux-gnu/libogg.so.0.8.1
61c80000-61c81000 r--p 00006000 08:07 2365329    /usr/lib/i386-linux-gnu/libogg.so.0.8.1
61c81000-61c82000 rw-p 00007000 08:07 2365329    /usr/lib/i386-linux-gnu/libogg.so.0.8.1
61c82000-61cab000 r-xp 00000000 08:07 2365600    /usr/lib/i386-linux-gnu/libvorbis.so.0.4.5
61cab000-61cac000 ---p 00029000 08:07 2365600    /usr/lib/i386-linux-gnu/libvorbis.so.0.4.5
61cac000-61cad000 r--p 00029000 08:07 2365600    /usr/lib/i386-linux-gnu/libvorbis.so.0.4.5
61cad000-61cae000 rw-p 0002a000 08:07 2365600    /usr/lib/i386-linux-gnu/libvorbis.so.0.4.5
61cae000-61cb7000 r-xp 00000000 08:07 2365237    /usr/lib/i386-linux-gnu/libltdl.so.7.3.0
61cb7000-61cb8000 r--p 00008000 08:07 2365237    /usr/lib/i386-linux-gnu/libltdl.so.7.3.0
61cb8000-61cb9000 rw-p 00009000 08:07 2365237    /usr/lib/i386-linux-gnu/libltdl.so.7.3.0
61cb9000-61cce000 r-xp 00000000 08:07 2365525    /usr/lib/i386-linux-gnu/libtdb.so.1.3.8
61cce000-61ccf000 r--p 00014000 08:07 2365525    /usr/lib/i386-linux-gnu/libtdb.so.1.3.8
61ccf000-61cd0000 rw-p 00015000 08:07 2365525    /usr/lib/i386-linux-gnu/libtdb.so.1.3.8
61cd0000-61cdf000 r-xp 00000000 08:07 2364743    /usr/lib/i386-linux-gnu/libcanberra.so.0.2.5
61cdf000-61ce0000 r--p 0000e000 08:07 2364743    /usr/lib/i386-linux-gnu/libcanberra.so.0.2.5
61ce0000-61ce1000 rw-p 0000f000 08:07 2364743    /usr/lib/i386-linux-gnu/libcanberra.so.0.2.5
61ce2000-61cea000 r-xp 00000000 08:07 394591     /lib/i386-linux-gnu/libnih-dbus.so.1.0.0
61cea000-61ceb000 r--p 00007000 08:07 394591     /lib/i386-linux-gnu/libnih-dbus.so.1.0.0
61ceb000-61cec000 rw-p 00008000 08:07 394591     /lib/i386-linux-gnu/libnih-dbus.so.1.0.0
61cec000-61cf7000 r-xp 00000000 08:07 2366538    /usr/lib/i386-linux-gnu/gio/modules/libdconfsettings.so
61cf7000-61cf8000 r--p 0000a000 08:07 2366538    /usr/lib/i386-linux-gnu/gio/modules/libdconfsettings.so
61cf8000-61cf9000 rw-p 0000b000 08:07 2366538    /usr/lib/i386-linux-gnu/gio/modules/libdconfsettings.so
61cf9000-61d2e000 r-xp 00000000 08:07 2366775    /usr/lib/i386-linux-gnu/gtk-2.0/2.10.0/engines/libmurrine.so
61d2e000-61d2f000 r--p 00034000 08:07 2366775    /usr/lib/i386-linux-gnu/gtk-2.0/2.10.0/engines/libmurrine.so
61d2f000-61d30000 rw-p 00035000 08:07 2366775    /usr/lib/i386-linux-gnu/gtk-2.0/2.10.0/engines/libmurrine.so
61d30000-61d40000 r-xp 00000000 08:07 2365570    /usr/lib/i386-linux-gnu/libunity-gtk2-parser.so.0.0.0
61d40000-61d41000 r--p 0000f000 08:07 2365570    /usr/lib/i386-linux-gnu/libunity-gtk2-parser.so.0.0.0
61d41000-61d42000 rw-p 00010000 08:07 2365570    /usr/lib/i386-linux-gnu/libunity-gtk2-parser.so.0.0.0
61d43000-61d4b000 r-xp 00000000 08:07 2365604    /usr/lib/i386-linux-gnu/libvorbisfile.so.3.3.4
61d4b000-61d4c000 r--p 00007000 08:07 2365604    /usr/lib/i386-linux-gnu/libvorbisfile.so.3.3.4
61d4c000-61d4d000 rw-p 00008000 08:07 2365604    /usr/lib/i386-linux-gnu/libvorbisfile.so.3.3.4
61d4d000-61d51000 r-xp 00000000 08:07 2364739    /usr/lib/i386-linux-gnu/libcanberra-gtk.so.0.1.9
61d51000-61d52000 r--p 00003000 08:07 2364739    /usr/lib/i386-linux-gnu/libcanberra-gtk.so.0.1.9
61d52000-61d53000 rw-p 00004000 08:07 2364739    /usr/lib/i386-linux-gnu/libcanberra-gtk.so.0.1.9
61d53000-61d57000 r-xp 00000000 08:07 2366793    /usr/lib/i386-linux-gnu/gtk-2.0/modules/libcanberra-gtk-module.so
61d57000-61d58000 ---p 00004000 08:07 2366793    /usr/lib/i386-linux-gnu/gtk-2.0/modules/libcanberra-gtk-module.so
61d58000-61d59000 r--p 00004000 08:07 2366793    /usr/lib/i386-linux-gnu/gtk-2.0/modules/libcanberra-gtk-module.so
61d59000-61d5a000 rw-p 00005000 08:07 2366793    /usr/lib/i386-linux-gnu/gtk-2.0/modules/libcanberra-gtk-module.so
61d5a000-61d5e000 r-xp 00000000 08:07 2366797    /usr/lib/i386-linux-gnu/gtk-2.0/modules/libunity-gtk-module.so
61d5e000-61d5f000 r--p 00003000 08:07 2366797    /usr/lib/i386-linux-gnu/gtk-2.0/modules/libunity-gtk-module.so
61d5f000-61d60000 rw-p 00004000 08:07 2366797    /usr/lib/i386-linux-gnu/gtk-2.0/modules/libunity-gtk-module.so
61d60000-61d67000 r-xp 00000000 08:07 2364813    /usr/lib/i386-linux-gnu/libdatrie.so.1.3.1
61d67000-61d68000 r--p 00006000 08:07 2364813    /usr/lib/i386-linux-gnu/libdatrie.so.1.3.1
61d68000-61d69000 rw-p 00007000 08:07 2364813    /usr/lib/i386-linux-gnu/libdatrie.so.1.3.1
61d69000-61d8c000 r-xp 00000000 08:07 2365041    /usr/lib/i386-linux-gnu/libgraphite2.so.3.0.1
61d8c000-61d8d000 ---p 00023000 08:07 2365041    /usr/lib/i386-linux-gnu/libgraphite2.so.3.0.1
61d8d000-61d8e000 r--p 00023000 08:07 2365041    /usr/lib/i386-linux-gnu/libgraphite2.so.3.0.1
61d8e000-61d8f000 rw-p 00024000 08:07 2365041    /usr/lib/i386-linux-gnu/libgraphite2.so.3.0.1
61d8f000-61dcb000 r-xp 00000000 08:07 394632     /lib/i386-linux-gnu/libpcre.so.3.13.1
61dcb000-61dcc000 r--p 0003b000 08:07 394632     /lib/i386-linux-gnu/libpcre.so.3.13.1
61dcc000-61dcd000 rw-p 0003c000 08:07 394632     /lib/i386-linux-gnu/libpcre.so.3.13.1
61dcd000-61dd2000 r-xp 00000000 08:07 2364894    /usr/lib/i386-linux-gnu/libffi.so.6.0.1
61dd2000-61dd3000 r--p 00005000 08:07 2364894    /usr/lib/i386-linux-gnu/libffi.so.6.0.1
61dd3000-61dd4000 rw-p 00006000 08:07 2364894    /usr/lib/i386-linux-gnu/libffi.so.6.0.1
61dd4000-61df9000 r-xp 00000000 08:07 394551     /lib/i386-linux-gnu/libexpat.so.1.6.0
61df9000-61dfa000 ---p 00025000 08:07 394551     /lib/i386-linux-gnu/libexpat.so.1.6.0
61dfa000-61dfc000 r--p 00025000 08:07 394551     /lib/i386-linux-gnu/libexpat.so.1.6.0
61dfc000-61dfd000 rw-p 00027000 08:07 394551     /lib/i386-linux-gnu/libexpat.so.1.6.0
61dfd000-61e05000 r-xp 00000000 08:07 2365537    /usr/lib/i386-linux-gnu/libthai.so.0.2.0
61e05000-61e06000 r--p 00007000 08:07 2365537    /usr/lib/i386-linux-gnu/libthai.so.0.2.0
61e06000-61e07000 rw-p 00008000 08:07 2365537    /usr/lib/i386-linux-gnu/libthai.so.0.2.0
61e07000-61e5b000 r-xp 00000000 08:07 2373872    /usr/lib/i386-linux-gnu/libharfbuzz.so.0.927.0
61e5b000-61e5c000 ---p 00054000 08:07 2373872    /usr/lib/i386-linux-gnu/libharfbuzz.so.0.927.0
61e5c000-61e5d000 r--p 00054000 08:07 2373872    /usr/lib/i386-linux-gnu/libharfbuzz.so.0.927.0
61e5d000-61e5e000 rw-p 00055000 08:07 2373872    /usr/lib/i386-linux-gnu/libharfbuzz.so.0.927.0
61e5e000-61e71000 r-xp 00000000 08:07 394655     /lib/i386-linux-gnu/libresolv-2.19.so
61e71000-61e72000 ---p 00013000 08:07 394655     /lib/i386-linux-gnu/libresolv-2.19.so
61e72000-61e73000 r--p 00013000 08:07 394655     /lib/i386-linux-gnu/libresolv-2.19.so
61e73000-61e74000 rw-p 00014000 08:07 394655     /lib/i386-linux-gnu/libresolv-2.19.so
61e74000-61e76000 rw-p 00000000 00:00 0 
61e76000-61e96000 r-xp 00000000 08:07 394659     /lib/i386-linux-gnu/libselinux.so.1
61e96000-61e97000 r--p 0001f000 08:07 394659     /lib/i386-linux-gnu/libselinux.so.1
61e97000-61e98000 rw-p 00020000 08:07 394659     /lib/i386-linux-gnu/libselinux.so.1
61e98000-61e99000 rw-p 00000000 00:00 0 
61e99000-61eb1000 r-xp 00000000 08:07 394692     /lib/i386-linux-gnu/libz.so.1.2.8
61eb1000-61eb2000 r--p 00017000 08:07 394692     /lib/i386-linux-gnu/libz.so.1.2.8
61eb2000-61eb3000 rw-p 00018000 08:07 394692     /lib/i386-linux-gnu/libz.so.1.2.8
61eb3000-61ebb000 r-xp 00000000 08:07 2365659    /usr/lib/i386-linux-gnu/libxcb-render.so.0.0.0
61ebb000-61ebc000 r--p 00008000 08:07 2365659    /usr/lib/i386-linux-gnu/libxcb-render.so.0.0.0
61ebc000-61ebd000 rw-p 00009000 08:07 2365659    /usr/lib/i386-linux-gnu/libxcb-render.so.0.0.0
61ebd000-61f60000 r-xp 00000000 08:07 2365367    /usr/lib/i386-linux-gnu/libpixman-1.so.0.30.2
61f60000-61f65000 r--p 000a3000 08:07 2365367    /usr/lib/i386-linux-gnu/libpixman-1.so.0.30.2
61f65000-61f66000 rw-p 000a8000 08:07 2365367    /usr/lib/i386-linux-gnu/libpixman-1.so.0.30.2
61f66000-62001000 r-xp 00000000 08:07 2364936    /usr/lib/i386-linux-gnu/libfreetype.so.6.11.1
62001000-62005000 r--p 0009a000 08:07 2364936    /usr/lib/i386-linux-gnu/libfreetype.so.6.11.1
62005000-62006000 rw-p 0009e000 08:07 2364936    /usr/lib/i386-linux-gnu/libfreetype.so.6.11.1
62006000-62110000 r-xp 00000000 08:07 394560     /lib/i386-linux-gnu/libglib-2.0.so.0.4002.0
62110000-62111000 r--p 00109000 08:07 394560     /lib/i386-linux-gnu/libglib-2.0.so.0.4002.0
62111000-62112000 rw-p 0010a000 08:07 394560     /lib/i386-linux-gnu/libglib-2.0.so.0.4002.0
62112000-62162000 r-xp 00000000 08:07 2365023    /usr/lib/i386-linux-gnu/libgobject-2.0.so.0.4002.0
62162000-62163000 r--p 0004f000 08:07 2365023    /usr/lib/i386-linux-gnu/libgobject-2.0.so.0.4002.0
62163000-62164000 rw-p 00050000 08:07 2365023    /usr/lib/i386-linux-gnu/libgobject-2.0.so.0.4002.0
62164000-6219d000 r-xp 00000000 08:07 2373855    /usr/lib/i386-linux-gnu/libfontconfig.so.1.8.0
6219d000-6219e000 r--p 00039000 08:07 2373855    /usr/lib/i386-linux-gnu/libfontconfig.so.1.8.0
6219e000-6219f000 rw-p 0003a000 08:07 2373855    /usr/lib/i386-linux-gnu/libfontconfig.so.1.8.0
6219f000-621e9000 r-xp 00000000 08:07 2365345    /usr/lib/i386-linux-gnu/libpango-1.0.so.0.3600.3
621e9000-621ea000 ---p 0004a000 08:07 2365345    /usr/lib/i386-linux-gnu/libpango-1.0.so.0.3600.3
621ea000-621eb000 r--p 0004a000 08:07 2365345    /usr/lib/i386-linux-gnu/libpango-1.0.so.0.3600.3
621eb000-621ec000 rw-p 0004b000 08:07 2365345    /usr/lib/i386-linux-gnu/libpango-1.0.so.0.3600.3
621ec000-62369000 r-xp 00000000 08:07 2364995    /usr/lib/i386-linux-gnu/libgio-2.0.so.0.4002.0
62369000-6236b000 r--p 0017d000 08:07 2364995    /usr/lib/i386-linux-gnu/libgio-2.0.so.0.4002.0
6236b000-6236c000 rw-p 0017f000 08:07 2364995    /usr/lib/i386-linux-gnu/libgio-2.0.so.0.4002.0
6236c000-6236d000 rw-p 00000000 00:00 0 
6236d000-6248c000 r-xp 00000000 08:07 2364735    /usr/lib/i386-linux-gnu/libcairo.so.2.11301.0
6248c000-6248e000 r--p 0011e000 08:07 2364735    /usr/lib/i386-linux-gnu/libcairo.so.2.11301.0
6248e000-6248f000 rw-p 00120000 08:07 2364735    /usr/lib/i386-linux-gnu/libcairo.so.2.11301.0
6248f000-62490000 rw-p 00000000 00:00 0 
62490000-628f8000 r-xp 00000000 08:07 2365134    /usr/lib/i386-linux-gnu/libgtk-x11-2.0.so.0.2400.23
628f8000-628fc000 r--p 00467000 08:07 2365134    /usr/lib/i386-linux-gnu/libgtk-x11-2.0.so.0.2400.23
628fc000-628fe000 rw-p 0046b000 08:07 2365134    /usr/lib/i386-linux-gnu/libgtk-x11-2.0.so.0.2400.23
628fe000-62900000 rw-p 00000000 00:00 0 
62900000-629dd000 rw-p 00000000 00:00 0 
629dd000-62a00000 ---p 00000000 00:00 0 
62a03000-62a29000 r-xp 00000000 08:07 394644     /lib/i386-linux-gnu/libpng12.so.0.50.0
62a29000-62a2a000 r--p 00025000 08:07 394644     /lib/i386-linux-gnu/libpng12.so.0.50.0
62a2a000-62a2b000 rw-p 00026000 08:07 394644     /lib/i386-linux-gnu/libpng12.so.0.50.0
62a2b000-62a3f000 r-xp 00000000 08:07 2365349    /usr/lib/i386-linux-gnu/libpangoft2-1.0.so.0.3600.3
62a3f000-62a40000 r--p 00013000 08:07 2365349    /usr/lib/i386-linux-gnu/libpangoft2-1.0.so.0.3600.3
62a40000-62a41000 rw-p 00014000 08:07 2365349    /usr/lib/i386-linux-gnu/libpangoft2-1.0.so.0.3600.3
62a41000-62aed000 r-xp 00000000 08:07 2364969    /usr/lib/i386-linux-gnu/libgdk-x11-2.0.so.0.2400.23
62aed000-62aef000 r--p 000ab000 08:07 2364969    /usr/lib/i386-linux-gnu/libgdk-x11-2.0.so.0.2400.23
62aef000-62af0000 rw-p 000ad000 08:07 2364969    /usr/lib/i386-linux-gnu/libgdk-x11-2.0.so.0.2400.23
62af0000-62af3000 ---p 00000000 00:00 0 
62af3000-62b41000 rw-p 00000000 00:00 0 
62b41000-62b44000 ---p 00000000 00:00 0 
62b44000-62b92000 rw-p 00000000 00:00 0 
62b92000-62b95000 ---p 00000000 00:00 0 
62b95000-62be3000 rw-p 00000000 00:00 0 
62be3000-62be6000 ---p 00000000 00:00 0 
62be6000-62c34000 rw-p 00000000 00:00 0 
62c34000-62c37000 ---p 00000000 00:00 0 
62c37000-62c85000 rw-p 00000000 00:00 0 
62c85000-62c88000 ---p 00000000 00:00 0 
62c88000-62cd6000 rw-p 00000000 00:00 0 
62cd6000-62cd9000 ---p 00000000 00:00 0 
62cd9000-62d27000 rw-p 00000000 00:00 0 
62d27000-62d2a000 ---p 00000000 00:00 0 
62d2a000-62d78000 rw-p 00000000 00:00 0 
62d78000-62d7b000 ---p 00000000 00:00 0 
62d7b000-62ec9000 rw-p 00000000 00:00 0 
62ec9000-62ecc000 ---p 00000000 00:00 0 
62ecc000-62f1a000 rw-p 00000000 00:00 0 
62f1a000-62f1d000 ---p 00000000 00:00 0 
62f1d000-62f6b000 rw-p 00000000 00:00 0 
62f6b000-62f6e000 ---p 00000000 00:00 0 
62f6e000-62fbc000 rw-p 00000000 00:00 0 
62fbc000-62fbf000 ---p 00000000 00:00 0 
62fbf000-6300d000 rw-p 00000000 00:00 0 
6300d000-63010000 ---p 00000000 00:00 0 
63010000-6305e000 rw-p 00000000 00:00 0 
6305e000-63061000 ---p 00000000 00:00 0 
63061000-630af000 rw-p 00000000 00:00 0 
630af000-630b2000 ---p 00000000 00:00 0 
630b2000-63100000 rw-p 00000000 00:00 0 
63100000-631f5000 rw-p 00000000 00:00 0 
631f5000-63200000 ---p 00000000 00:00 0 
63201000-63203000 r-xp 00000000 08:07 2365663    /usr/lib/i386-linux-gnu/libxcb-shm.so.0.0.0
63203000-63204000 r--p 00001000 08:07 2365663    /usr/lib/i386-linux-gnu/libxcb-shm.so.0.0.0
63204000-63205000 rw-p 00002000 08:07 2365663    /usr/lib/i386-linux-gnu/libxcb-shm.so.0.0.0
63205000-63207000 r-xp 00000000 08:07 2364611    /usr/lib/i386-linux-gnu/libXdamage.so.1.1.0
63207000-63208000 r--p 00001000 08:07 2364611    /usr/lib/i386-linux-gnu/libXdamage.so.1.1.0
63208000-63209000 rw-p 00002000 08:07 2364611    /usr/lib/i386-linux-gnu/libXdamage.so.1.1.0
63209000-6322b000 r-xp 00000000 08:07 2361022    /usr/lib/i386-linux-gnu/libgdk_pixbuf-2.0.so.0.3000.7
6322b000-6322c000 r--p 00021000 08:07 2361022    /usr/lib/i386-linux-gnu/libgdk_pixbuf-2.0.so.0.3000.7
6322c000-6322d000 rw-p 00022000 08:07 2361022    /usr/lib/i386-linux-gnu/libgdk_pixbuf-2.0.so.0.3000.7
6322d000-6332d000 rw-p 00000000 00:00 0 
6332e000-63330000 r-xp 00000000 08:07 2364607    /usr/lib/i386-linux-gnu/libXcomposite.so.1.0.0
63330000-63331000 r--p 00001000 08:07 2364607    /usr/lib/i386-linux-gnu/libXcomposite.so.1.0.0
63331000-63332000 rw-p 00002000 08:07 2364607    /usr/lib/i386-linux-gnu/libXcomposite.so.1.0.0
63332000-6333b000 r-xp 00000000 08:07 2364635    /usr/lib/i386-linux-gnu/libXrandr.so.2.2.0
6333b000-6333c000 r--p 00008000 08:07 2364635    /usr/lib/i386-linux-gnu/libXrandr.so.2.2.0
6333c000-6333d000 rw-p 00009000 08:07 2364635    /usr/lib/i386-linux-gnu/libXrandr.so.2.2.0
6333d000-6335b000 r-xp 00000000 08:07 2364696    /usr/lib/i386-linux-gnu/libatk-1.0.so.0.21009.1
6335b000-6335d000 r--p 0001d000 08:07 2364696    /usr/lib/i386-linux-gnu/libatk-1.0.so.0.21009.1
6335d000-6335e000 rw-p 0001f000 08:07 2364696    /usr/lib/i386-linux-gnu/libatk-1.0.so.0.21009.1
6335e000-63361000 ---p 00000000 00:00 0 
63361000-633af000 rw-p 00000000 00:00 0 
633af000-633b2000 ---p 00000000 00:00 0 
633b2000-63500000 rw-p 00000000 00:00 0 
63500000-6356a000 rw-p 00000000 00:00 0 
6356a000-63600000 ---p 00000000 00:00 0 
63600000-63700000 rw-p 00000000 00:00 0 
63700000-638ff000 rw-p 00000000 00:00 0 
638ff000-63900000 ---p 00000000 00:00 0 
63900000-63a00000 rw-p 00000000 00:00 0 
63a00000-63b00000 rw-p 00000000 00:00 0 
63b00000-63c00000 rw-p 00000000 00:00 0 
63c00000-63cff000 rw-p 00000000 00:00 0 
63cff000-63d00000 ---p 00000000 00:00 0 
63d09000-63d1c000 r--s 00345000 08:07 399194     /home/arun/jdk1.8.0_101/jre/lib/resources.jar
63d1c000-63d38000 r--s 00393000 08:07 399447     /home/arun/jdk1.8.0_101/jre/lib/ext/cldrdata.jar
63d38000-63d6c000 r-xp 00000000 08:07 399384     /home/arun/jdk1.8.0_101/jre/lib/i386/libjpeg.so
63d6c000-63d6d000 rw-p 00033000 08:07 399384     /home/arun/jdk1.8.0_101/jre/lib/i386/libjpeg.so
63d6d000-63d70000 ---p 00000000 00:00 0 
63d70000-63dbe000 rw-p 00000000 00:00 0 
63dc1000-63dcc000 r-xp 00000000 08:07 2365347    /usr/lib/i386-linux-gnu/libpangocairo-1.0.so.0.3600.3
63dcc000-63dcd000 r--p 0000a000 08:07 2365347    /usr/lib/i386-linux-gnu/libpangocairo-1.0.so.0.3600.3
63dcd000-63dce000 rw-p 0000b000 08:07 2365347    /usr/lib/i386-linux-gnu/libpangocairo-1.0.so.0.3600.3
63dd1000-63dd2000 r--s 00000000 08:07 405911     /home/arun/.local/share/mime/mime.cache
63dd2000-63dd3000 r--s 00000000 00:17 18         /run/user/1000/dconf/user (deleted)
63dd3000-63de4000 r-xp 00000000 08:07 2366796    /usr/lib/i386-linux-gnu/gtk-2.0/modules/liboverlay-scrollbar.so
63de4000-63de5000 r--p 00010000 08:07 2366796    /usr/lib/i386-linux-gnu/gtk-2.0/modules/liboverlay-scrollbar.so
63de5000-63de6000 rw-p 00011000 08:07 2366796    /usr/lib/i386-linux-gnu/gtk-2.0/modules/liboverlay-scrollbar.so
63de6000-63df0000 r--s 00000000 08:07 3278054    /usr/share/fonts/X11/Type1/c0419bt_.pfb
63df0000-63e06000 r--s 00000000 08:07 3278837    /usr/share/fonts/type1/gsfonts/n022023l.pfb
63e06000-63e17000 r--s 00000000 08:07 3278804    /usr/share/fonts/type1/gsfonts/n019024l.pfb
63e17000-63e33000 r--s 00000000 08:07 3278852    /usr/share/fonts/type1/gsfonts/p052024l.pfb
63e33000-63e44000 r--s 00000000 08:07 3278765    /usr/share/fonts/type1/gsfonts/a010035l.pfb
63e44000-63e56000 r--s 00000000 08:07 3278810    /usr/share/fonts/type1/gsfonts/n019044l.pfb
63e56000-63e6f000 r--s 00000000 08:07 3278819    /usr/share/fonts/type1/gsfonts/n021003l.pfb
63e6f000-63e86000 r--s 00000000 08:07 3278858    /usr/share/fonts/type1/gsfonts/z003034l.pfb
63e86000-63e90000 r--s 00000000 08:07 3278058    /usr/share/fonts/X11/Type1/c0583bt_.pfb
63e90000-63e99000 r--s 00000000 08:07 3278855    /usr/share/fonts/type1/gsfonts/s050000l.pfb
63e99000-63ea9000 r--s 00000000 08:07 3278759    /usr/share/fonts/type1/gsfonts/a010015l.pfb
63ea9000-63ec2000 r--s 00000000 08:07 3278822    /usr/share/fonts/type1/gsfonts/n021004l.pfb
63ec2000-63ecc000 r--s 00000000 08:07 3278056    /usr/share/fonts/X11/Type1/c0582bt_.pfb
63ecc000-63edd000 r--s 00000000 08:07 3278813    /usr/share/fonts/type1/gsfonts/n019063l.pfb
63edd000-63ef8000 r--s 00000000 08:07 3278783    /usr/share/fonts/type1/gsfonts/c059016l.pfb
63ef8000-63f13000 r--s 00000000 08:07 3278843    /usr/share/fonts/type1/gsfonts/p052003l.pfb
63f13000-63f2a000 r--s 00000000 08:07 3278825    /usr/share/fonts/type1/gsfonts/n021023l.pfb
63f2a000-63f33000 r--s 00000000 08:07 3278068    /usr/share/fonts/X11/Type1/c0649bt_.pfb
63f33000-63f3c000 r--s 00000000 08:07 3278064    /usr/share/fonts/X11/Type1/c0633bt_.pfb
63f3c000-63f57000 r--s 00000000 08:07 3278849    /usr/share/fonts/type1/gsfonts/p052023l.pfb
63f57000-63f60000 r--s 00000000 08:07 3278066    /usr/share/fonts/X11/Type1/c0648bt_.pfb
63f60000-63f72000 r--s 00000000 08:07 3278798    /usr/share/fonts/type1/gsfonts/n019004l.pfb
63f72000-63f8b000 r--s 00000000 08:07 3278768    /usr/share/fonts/type1/gsfonts/b018012l.pfb
63f8b000-63f9b000 r--s 00000000 08:07 3278756    /usr/share/fonts/type1/gsfonts/a010013l.pfb
63f9b000-63fb1000 r--s 00000000 08:07 3278840    /usr/share/fonts/type1/gsfonts/n022024l.pfb
63fb1000-63fc9000 r--s 00000000 08:07 3278786    /usr/share/fonts/type1/gsfonts/c059033l.pfb
63fc9000-63fdb000 r--s 00000000 08:07 3278777    /usr/share/fonts/type1/gsfonts/b018035l.pfb
63fdb000-63fdc000 r--s 00000000 08:07 1451382    /var/cache/fontconfig/c05880de57d1f5e948fdfacc138775d9-le32d4.cache-4
63fdc000-63fe4000 r--s 00000000 08:07 1441893    /var/cache/fontconfig/945677eb7aeaf62f1d50efc3fb3ec7d8-le32d4.cache-4
63fe4000-63fe6000 r--s 00000000 08:07 1451814    /var/cache/fontconfig/99e8ed0e538f840c565b6ed5dad60d56-le32d4.cache-4
63fe6000-63fec000 r--s 00000000 08:07 1445080    /var/cache/fontconfig/a6d8cf8e4ec09cdbc8633c31745a07dd-le32d4.cache-4
63fec000-63ff0000 r--s 00000000 08:07 1451276    /var/cache/fontconfig/2cd17615ca594fa2959ae173292e504c-le32d4.cache-4
63ff0000-63ff1000 r--s 00000000 08:07 1451060    /var/cache/fontconfig/e7071f4a29fa870f4323321c154eba04-le32d4.cache-4
63ff1000-63ff6000 r--s 00000000 08:07 1450264    /var/cache/fontconfig/a755afe4a08bf5b97852ceb7400b47bc-le32d4.cache-4
63ff6000-64005000 r--s 00000000 08:07 1450258    /var/cache/fontconfig/04aabc0a78ac019cf9454389977116d2-le32d4.cache-4
64005000-64008000 r--s 00000000 08:07 1450156    /var/cache/fontconfig/385c0604a188198f04d133e54aba7fe7-le32d4.cache-4
64008000-6400c000 r--s 00000000 08:07 1449778    /var/cache/fontconfig/8801497958630a81b71ace7c5f9b32a8-le32d4.cache-4
6400c000-64011000 r--s 00000000 08:07 1449777    /var/cache/fontconfig/3047814df9a2f067bd2d96a2b9c36e5a-le32d4.cache-4
64011000-64021000 r--s 00000000 08:07 1449634    /var/cache/fontconfig/d52a8644073d54c13679302ca1180695-le32d4.cache-4
64021000-64022000 r-xp 00000000 08:07 2365130    /usr/lib/i386-linux-gnu/libgthread-2.0.so.0.4002.0
64022000-64023000 r--p 00000000 08:07 2365130    /usr/lib/i386-linux-gnu/libgthread-2.0.so.0.4002.0
64023000-64024000 rw-p 00001000 08:07 2365130    /usr/lib/i386-linux-gnu/libgthread-2.0.so.0.4002.0
64024000-64026000 r-xp 00000000 08:07 2364625    /usr/lib/i386-linux-gnu/libXinerama.so.1.0.0
64026000-64027000 r--p 00001000 08:07 2364625    /usr/lib/i386-linux-gnu/libXinerama.so.1.0.0
64027000-64028000 rw-p 00002000 08:07 2364625    /usr/lib/i386-linux-gnu/libXinerama.so.1.0.0
64028000-64031000 r--s 00000000 08:07 3278062    /usr/share/fonts/X11/Type1/c0632bt_.pfb
64031000-6404a000 r--s 00000000 08:07 3278834    /usr/share/fonts/type1/gsfonts/n022004l.pfb
6404a000-6405d000 r--s 00000000 08:07 3278771    /usr/share/fonts/type1/gsfonts/b018015l.pfb
6405d000-64072000 r--s 00000000 08:07 3278774    /usr/share/fonts/type1/gsfonts/b018032l.pfb
64072000-64085000 r--s 00000000 08:07 3278816    /usr/share/fonts/type1/gsfonts/n019064l.pfb
64085000-6409d000 r--s 00000000 08:07 3278789    /usr/share/fonts/type1/gsfonts/c059036l.pfb
6409d000-640af000 r--s 00000000 08:07 3278807    /usr/share/fonts/type1/gsfonts/n019043l.pfb
640af000-640c9000 r--s 00000000 08:07 3278780    /usr/share/fonts/type1/gsfonts/c059013l.pfb
640c9000-640d5000 r--s 00000000 08:07 3278792    /usr/share/fonts/type1/gsfonts/d050000l.pfb
640d5000-640d8000 r-xp 00000000 08:07 2365007    /usr/lib/i386-linux-gnu/libgmodule-2.0.so.0.4002.0
640d8000-640d9000 r--p 00002000 08:07 2365007    /usr/lib/i386-linux-gnu/libgmodule-2.0.so.0.4002.0
640d9000-640da000 rw-p 00003000 08:07 2365007    /usr/lib/i386-linux-gnu/libgmodule-2.0.so.0.4002.0
640da000-640e2000 r-xp 00000000 08:07 399378     /home/arun/jdk1.8.0_101/jre/lib/i386/libmanagement.so
640e2000-640e3000 rw-p 00007000 08:07 399378     /home/arun/jdk1.8.0_101/jre/lib/i386/libmanagement.so
640e3000-640ed000 r--s 00116000 08:07 399451     /home/arun/jdk1.8.0_101/jre/lib/ext/localedata.jar
640ed000-640f7000 r--s 00000000 08:07 3278861    /usr/share/fonts/type1/mathml/Symbol.pfb
640f7000-64107000 r--s 00000000 08:07 3278762    /usr/share/fonts/type1/gsfonts/a010033l.pfb
64107000-64111000 r--s 00000000 08:07 3278060    /usr/share/fonts/X11/Type1/c0611bt_.pfb
64111000-6412c000 r--s 00000000 08:07 3278846    /usr/share/fonts/type1/gsfonts/p052004l.pfb
6412c000-64142000 r--s 00000000 08:07 3278828    /usr/share/fonts/type1/gsfonts/n021024l.pfb
64142000-64156000 r--s 00000000 08:07 3278795    /usr/share/fonts/type1/gsfonts/n019003l.pfb
64156000-64167000 r--s 00000000 08:07 3278801    /usr/share/fonts/type1/gsfonts/n019023l.pfb
64167000-64168000 r--s 00000000 08:07 1450938    /var/cache/fontconfig/0d8c3b2ac0904cb8a57a757ad11a4a08-le32d4.cache-4
64168000-6416f000 r--s 00000000 08:07 1445077    /var/cache/fontconfig/52f7bdb7ce746bfd7eaa1985bd9cfa93-le32d4.cache-4
6416f000-64176000 r--s 00000000 08:07 1449632    /var/cache/fontconfig/3f7329c5293ffd510edef78f73874cfd-le32d4.cache-4
64176000-6417f000 r--s 00000000 08:07 1449613    /var/cache/fontconfig/d589a48862398ed80a3d6066f4f56f4c-le32d4.cache-4
6417f000-64197000 r--s 00000000 08:07 3278831    /usr/share/fonts/type1/gsfonts/n022003l.pfb
64197000-641f8000 r-xp 00000000 08:07 399410     /home/arun/jdk1.8.0_101/jre/lib/i386/libt2k.so
641f8000-641fc000 rw-p 00061000 08:07 399410     /home/arun/jdk1.8.0_101/jre/lib/i386/libt2k.so
641fc000-64300000 rw-p 00000000 00:00 0 
64300000-643ff000 rw-p 00000000 00:00 0 
643ff000-64400000 ---p 00000000 00:00 0 
64400000-64401000 r--s 00000000 08:07 1450157    /var/cache/fontconfig/1ac9eb803944fde146138c791f5cc56a-le32d4.cache-4
64401000-64403000 r--s 00000000 08:07 1449804    /var/cache/fontconfig/767a8244fc0220cfb567a839d0392e0b-le32d4.cache-4
64403000-6440d000 r--s 00000000 08:07 1449521    /var/cache/fontconfig/e13b20fdb08344e0e664864cc2ede53d-le32d4.cache-4
6440d000-64410000 ---p 00000000 00:00 0 
64410000-6455e000 rw-p 00000000 00:00 0 
6455e000-64561000 ---p 00000000 00:00 0 
64561000-646af000 rw-p 00000000 00:00 0 
646af000-646b2000 ---p 00000000 00:00 0 
646b2000-64700000 rw-p 00000000 00:00 0 
64700000-64800000 rw-p 00000000 00:00 0 
64800000-64801000 r--s 00000000 08:07 1450133    /var/cache/fontconfig/dc05db6664285cc2f12bf69c139ae4c3-le32d4.cache-4
64801000-64805000 r--s 00000000 08:07 1449635    /var/cache/fontconfig/b47c4e1ecd0709278f4910c18777a504-le32d4.cache-4
64805000-64814000 r-xp 00000000 08:07 399393     /home/arun/jdk1.8.0_101/jre/lib/i386/libnio.so
64814000-64815000 rw-p 0000e000 08:07 399393     /home/arun/jdk1.8.0_101/jre/lib/i386/libnio.so
64815000-64818000 ---p 00000000 00:00 0 
64818000-64866000 rw-p 00000000 00:00 0 
64866000-64869000 ---p 00000000 00:00 0 
64869000-648b7000 rw-p 00000000 00:00 0 
648b7000-648bb000 r-xp 00000000 08:07 2364617    /usr/lib/i386-linux-gnu/libXfixes.so.3.1.0
648bb000-648bc000 r--p 00003000 08:07 2364617    /usr/lib/i386-linux-gnu/libXfixes.so.3.1.0
648bc000-648bd000 rw-p 00004000 08:07 2364617    /usr/lib/i386-linux-gnu/libXfixes.so.3.1.0
648bd000-648c6000 r-xp 00000000 08:07 2364609    /usr/lib/i386-linux-gnu/libXcursor.so.1.0.2
648c6000-648c7000 r--p 00008000 08:07 2364609    /usr/lib/i386-linux-gnu/libXcursor.so.1.0.2
648c7000-648c8000 rw-p 00009000 08:07 2364609    /usr/lib/i386-linux-gnu/libXcursor.so.1.0.2
648c8000-648cb000 ---p 00000000 00:00 0 
648cb000-64919000 rw-p 00000000 00:00 0 
64919000-64935000 r-xp 00000000 08:07 394556     /lib/i386-linux-gnu/libgcc_s.so.1
64935000-64936000 rw-p 0001b000 08:07 394556     /lib/i386-linux-gnu/libgcc_s.so.1
64936000-64998000 r-xp 00000000 08:07 399403     /home/arun/jdk1.8.0_101/jre/lib/i386/libfontmanager.so
64998000-6499b000 rw-p 00061000 08:07 399403     /home/arun/jdk1.8.0_101/jre/lib/i386/libfontmanager.so
6499b000-6499f000 rw-p 00000000 00:00 0 
6499f000-649a4000 r-xp 00000000 08:07 2364613    /usr/lib/i386-linux-gnu/libXdmcp.so.6.0.0
649a4000-649a5000 r--p 00004000 08:07 2364613    /usr/lib/i386-linux-gnu/libXdmcp.so.6.0.0
649a5000-649a6000 rw-p 00005000 08:07 2364613    /usr/lib/i386-linux-gnu/libXdmcp.so.6.0.0
649a6000-649a8000 r-xp 00000000 08:07 2364602    /usr/lib/i386-linux-gnu/libXau.so.6.0.0
649a8000-649a9000 r--p 00001000 08:07 2364602    /usr/lib/i386-linux-gnu/libXau.so.6.0.0
649a9000-649aa000 rw-p 00002000 08:07 2364602    /usr/lib/i386-linux-gnu/libXau.so.6.0.0
649aa000-649ca000 r-xp 00000000 08:07 2365673    /usr/lib/i386-linux-gnu/libxcb.so.1.1.0
649ca000-649cb000 r--p 0001f000 08:07 2365673    /usr/lib/i386-linux-gnu/libxcb.so.1.1.0
649cb000-649cc000 rw-p 00020000 08:07 2365673    /usr/lib/i386-linux-gnu/libxcb.so.1.1.0
649cc000-64afc000 r-xp 00000000 08:07 2364598    /usr/lib/i386-linux-gnu/libX11.so.6.3.0
64afc000-64afd000 r--p 00130000 08:07 2364598    /usr/lib/i386-linux-gnu/libX11.so.6.3.0
64afd000-64aff000 rw-p 00131000 08:07 2364598    /usr/lib/i386-linux-gnu/libX11.so.6.3.0
64aff000-64b00000 rw-p 00000000 00:00 0 
64b00000-64c00000 rw-p 00000000 00:00 0 
64c00000-64c01000 r--s 00000000 08:07 1449803    /var/cache/fontconfig/4794a0821666d79190d59a36cb4f44b5-le32d4.cache-4
64c01000-64c02000 r--s 00000000 08:07 1449637    /var/cache/fontconfig/56cf4f4769d0f4abc89a4895d7bd3ae1-le32d4.cache-4
64c02000-64c10000 r-xp 00000000 08:07 2364623    /usr/lib/i386-linux-gnu/libXi.so.6.1.0
64c10000-64c11000 r--p 0000e000 08:07 2364623    /usr/lib/i386-linux-gnu/libXi.so.6.1.0
64c11000-64c12000 rw-p 0000f000 08:07 2364623    /usr/lib/i386-linux-gnu/libXi.so.6.1.0
64c12000-64c17000 r-xp 00000000 08:07 2364643    /usr/lib/i386-linux-gnu/libXtst.so.6.1.0
64c17000-64c18000 r--p 00004000 08:07 2364643    /usr/lib/i386-linux-gnu/libXtst.so.6.1.0
64c18000-64c19000 rw-p 00005000 08:07 2364643    /usr/lib/i386-linux-gnu/libXtst.so.6.1.0
64c19000-64c22000 r-xp 00000000 08:07 2364637    /usr/lib/i386-linux-gnu/libXrender.so.1.3.0
64c22000-64c23000 r--p 00008000 08:07 2364637    /usr/lib/i386-linux-gnu/libXrender.so.1.3.0
64c23000-64c24000 rw-p 00009000 08:07 2364637    /usr/lib/i386-linux-gnu/libXrender.so.1.3.0
64c24000-64c35000 r-xp 00000000 08:07 2364615    /usr/lib/i386-linux-gnu/libXext.so.6.4.0
64c35000-64c36000 r--p 00010000 08:07 2364615    /usr/lib/i386-linux-gnu/libXext.so.6.4.0
64c36000-64c37000 rw-p 00011000 08:07 2364615    /usr/lib/i386-linux-gnu/libXext.so.6.4.0
64c37000-64c38000 r--s 00000000 08:07 1449636    /var/cache/fontconfig/b9d506c9ac06c20b433354fa67a72993-le32d4.cache-4
64c38000-64c39000 r--s 00000000 08:07 1449612    /var/cache/fontconfig/0c9eb80ebd1c36541ebe2852d3bb0c49-le32d4.cache-4
64c39000-64c4e000 r-xp 00000000 08:07 399427     /home/arun/jdk1.8.0_101/jre/lib/i386/libnet.so
64c4e000-64c4f000 rw-p 00015000 08:07 399427     /home/arun/jdk1.8.0_101/jre/lib/i386/libnet.so
64c4f000-64cd5000 r-xp 00000000 08:07 399386     /home/arun/jdk1.8.0_101/jre/lib/i386/libawt.so
64cd5000-64cdc000 rw-p 00086000 08:07 399386     /home/arun/jdk1.8.0_101/jre/lib/i386/libawt.so
64cdc000-64d00000 rw-p 00000000 00:00 0 
64d00000-64dff000 rw-p 00000000 00:00 0 
64dff000-64e00000 ---p 00000000 00:00 0 
64e00000-64e03000 r--s 00000000 08:07 272284     /home/arun/.cache/fontconfig/7ef2298fde41cc6eeb7af42e48b7d293-le32d4.cache-4
64e03000-64e4f000 r-xp 00000000 08:07 399399     /home/arun/jdk1.8.0_101/jre/lib/i386/libawt_xawt.so
64e4f000-64e51000 rw-p 0004c000 08:07 399399     /home/arun/jdk1.8.0_101/jre/lib/i386/libawt_xawt.so
64e51000-64e52000 rw-p 00000000 00:00 0 
64e52000-64e57000 r--s 002f9000 08:07 399188     /home/arun/jdk1.8.0_101/jre/lib/charsets.jar
64e57000-64e58000 r--s 00003000 08:07 284973     /home/arun/json-simple-1.1.jar
64e58000-64e6a000 r--s 001a0000 08:07 278518     /home/arun/itextpdf-5.3.2.jar
64e6a000-64e6b000 r--s 00003000 08:07 267332     /home/arun/way2sms-api-4.0.0.jar
64e6b000-64e6d000 r--s 00009000 08:07 270115     /home/arun/smtp.jar
64e6d000-64e70000 r--s 00011000 08:07 278498     /home/arun/servlet.jar
64e70000-64e72000 r--s 00010000 08:07 278496     /home/arun/orsonpdf-1.6-eval.jar
64e72000-64e79000 r--s 00066000 08:07 278491     /home/arun/orsoncharts-1.4-eval-nofx.jar
64e79000-64e8a000 r--s 0016f000 08:07 278405     /home/arun/jfreechart-1.0.19.jar
64e8a000-64e8b000 ---p 00000000 00:00 0 
64e8b000-64f0b000 rw-p 00000000 00:00 0 
64f0b000-64f0e000 ---p 00000000 00:00 0 
64f0e000-64f5c000 rw-p 00000000 00:00 0 
64f5c000-64f5f000 ---p 00000000 00:00 0 
64f5f000-64fdd000 rw-p 00000000 00:00 0 
64fdd000-64fe0000 ---p 00000000 00:00 0 
64fe0000-6505e000 rw-p 00000000 00:00 0 
6505e000-65061000 ---p 00000000 00:00 0 
65061000-650af000 rw-p 00000000 00:00 0 
650af000-652af000 r--p 00000000 08:07 2367994    /usr/lib/locale/locale-archive
652af000-652b2000 ---p 00000000 00:00 0 
652b2000-65300000 rw-p 00000000 00:00 0 
65300000-653ff000 rw-p 00000000 00:00 0 
653ff000-65400000 ---p 00000000 00:00 0 
65400000-6540e000 r--s 00151000 08:07 278406     /home/arun/jfreechart-1.0.19-demo.jar
6540e000-6540f000 ---p 00000000 00:00 0 
6540f000-6548f000 rw-p 00000000 00:00 0 
6548f000-65668000 r--s 03d29000 08:07 399200     /home/arun/jdk1.8.0_101/jre/lib/rt.jar
65668000-65aae000 rw-p 00000000 00:00 0 
65aae000-65ab4000 ---p 00000000 00:00 0 
65ab4000-67e00000 rw-p 00000000 00:00 0 
67e00000-67efe000 rw-p 00000000 00:00 0 
67efe000-67f00000 ---p 00000000 00:00 0 
67f00000-67f01000 r--s 00004000 08:07 278505     /home/arun/swtgraphics2d.jar
67f01000-67f05000 r--s 00035000 08:07 270086     /home/arun/mailapi.jar
67f05000-67f08000 ---p 00000000 00:00 0 
67f08000-68000000 rw-p 00000000 00:00 0 
68000000-68021000 rw-p 00000000 00:00 0 
68021000-68100000 ---p 00000000 00:00 0 
68100000-68107000 r--s 00064000 08:07 270101     /home/arun/mail.jar
68107000-68108000 ---p 00000000 00:00 0 
68108000-68188000 rw-p 00000000 00:00 0 
68188000-68189000 ---p 00000000 00:00 0 
68189000-6821f000 rw-p 00000000 00:00 0 
6821f000-68357000 ---p 00000000 00:00 0 
68357000-68368000 rw-p 00000000 00:00 0 
68368000-683ff000 ---p 00000000 00:00 0 
683ff000-6aec0000 rw-p 00000000 00:00 0 
6aec0000-92180000 ---p 00000000 00:00 0 
92180000-94040000 rw-p 00000000 00:00 0 
94040000-a7000000 ---p 00000000 00:00 0 
a7000000-a7001000 r--s 00008000 08:07 270097     /home/arun/pop3.jar
a7001000-a7007000 r--s 00036000 08:07 278490     /home/arun/junit-4.11.jar
a7007000-a7009000 r--s 0000b000 08:07 278483     /home/arun/jfreesvg-2.0.jar
a7009000-a700b000 r--s 00012000 08:07 278436     /home/arun/jfreechart-1.0.19-swt.jar
a700b000-a700c000 r--s 00003000 08:07 278407     /home/arun/jfreechart-1.0.19-experimental.jar
a700c000-a7012000 r--s 0004b000 08:07 266729     /home/arun/jcommon-1.0.23.jar
a7012000-a7014000 r--s 000e0000 08:07 270068     /home/arun/jar_for_mail-20160930T123919Z.zip
a7014000-a7017000 r--s 00027000 08:07 270085     /home/arun/imap.jar
a7017000-a7019000 r--s 00009000 08:07 266651     /home/arun/hamcrest-core-1.3.jar
a7019000-a7029000 r--s 000c8000 08:07 266923     /home/arun/freemarker-2.3.16.jar
a7029000-a702f000 r--s 0003e000 08:07 267323     /home/arun/commons-io-1.4.jar
a702f000-a7032000 r--s 00013000 08:07 270165     /home/arun/commons-io-1.3.2.jar
a7032000-a7034000 r--s 0000c000 08:07 270079     /home/arun/activation.jar
a7034000-a7043000 r--s 0011a000 08:07 269961     /home/arun/jfreechart-1.0.6.jar
a7043000-a7048000 r--s 00042000 08:07 269914     /home/arun/jcommon.jar
a7048000-a7076000 rw-p 00000000 00:00 0 
a7076000-a71af000 ---p 00000000 00:00 0 
a71af000-a71d6000 rw-p 00000000 00:00 0 
a71d6000-a756f000 ---p 00000000 00:00 0 
a756f000-a7eff000 rwxp 00000000 00:00 0 
a7eff000-b656f000 ---p 00000000 00:00 0 
b656f000-b6588000 r-xp 00000000 08:07 399429     /home/arun/jdk1.8.0_101/jre/lib/i386/libzip.so
b6588000-b6589000 rw-p 00019000 08:07 399429     /home/arun/jdk1.8.0_101/jre/lib/i386/libzip.so
b6589000-b6593000 r-xp 00000000 08:07 394604     /lib/i386-linux-gnu/libnss_files-2.19.so
b6593000-b6594000 r--p 00009000 08:07 394604     /lib/i386-linux-gnu/libnss_files-2.19.so
b6594000-b6595000 rw-p 0000a000 08:07 394604     /lib/i386-linux-gnu/libnss_files-2.19.so
b6595000-b659f000 r-xp 00000000 08:07 394614     /lib/i386-linux-gnu/libnss_nis-2.19.so
b659f000-b65a0000 r--p 00009000 08:07 394614     /lib/i386-linux-gnu/libnss_nis-2.19.so
b65a0000-b65a1000 rw-p 0000a000 08:07 394614     /lib/i386-linux-gnu/libnss_nis-2.19.so
b65a1000-b65b6000 r-xp 00000000 08:07 394598     /lib/i386-linux-gnu/libnsl-2.19.so
b65b6000-b65b7000 r--p 00015000 08:07 394598     /lib/i386-linux-gnu/libnsl-2.19.so
b65b7000-b65b8000 rw-p 00016000 08:07 394598     /lib/i386-linux-gnu/libnsl-2.19.so
b65b8000-b65ba000 rw-p 00000000 00:00 0 
b65ba000-b65bb000 r--s 00004000 08:07 270081     /home/arun/dsn.jar
b65bb000-b65c2000 r--s 00094000 08:07 404685     /home/arun/netbeans-8.0.2/java/modules/ext/beansbinding-1.2.1.jar
b65c2000-b65ca000 r--s 0005f000 08:07 267037     /home/arun/mongo-java-driver-2.11.3.jar
b65ca000-b65d2000 rw-s 00000000 08:07 1451654    /tmp/hsperfdata_arun/10644
b65d2000-b65f6000 r-xp 00000000 08:07 399424     /home/arun/jdk1.8.0_101/jre/lib/i386/libjava.so
b65f6000-b65f7000 rw-p 00023000 08:07 399424     /home/arun/jdk1.8.0_101/jre/lib/i386/libjava.so
b65f7000-b65fe000 r-xp 00000000 08:07 394657     /lib/i386-linux-gnu/librt-2.19.so
b65fe000-b65ff000 r--p 00006000 08:07 394657     /lib/i386-linux-gnu/librt-2.19.so
b65ff000-b6600000 rw-p 00007000 08:07 394657     /lib/i386-linux-gnu/librt-2.19.so
b6600000-b66f9000 rw-p 00000000 00:00 0 
b66f9000-b6700000 ---p 00000000 00:00 0 
b6700000-b6701000 r--s 00013000 08:07 270162     /home/arun/commons-io-1.3.2.jar.zip
b6701000-b6704000 ---p 00000000 00:00 0 
b6704000-b6752000 rw-p 00000000 00:00 0 
b6752000-b6796000 r-xp 00000000 08:07 394579     /lib/i386-linux-gnu/libm-2.19.so
b6796000-b6797000 r--p 00043000 08:07 394579     /lib/i386-linux-gnu/libm-2.19.so
b6797000-b6798000 rw-p 00044000 08:07 394579     /lib/i386-linux-gnu/libm-2.19.so
b6798000-b7121000 r-xp 00000000 08:07 399437     /home/arun/jdk1.8.0_101/jre/lib/i386/server/libjvm.so
b7121000-b718e000 rw-p 00989000 08:07 399437     /home/arun/jdk1.8.0_101/jre/lib/i386/server/libjvm.so
b718e000-b75b7000 rw-p 00000000 00:00 0 
b75b7000-b775f000 r-xp 00000000 08:07 394529     /lib/i386-linux-gnu/libc-2.19.so
b775f000-b7760000 ---p 001a8000 08:07 394529     /lib/i386-linux-gnu/libc-2.19.so
b7760000-b7762000 r--p 001a8000 08:07 394529     /lib/i386-linux-gnu/libc-2.19.so
b7762000-b7763000 rw-p 001aa000 08:07 394529     /lib/i386-linux-gnu/libc-2.19.so
b7763000-b7766000 rw-p 00000000 00:00 0 
b7766000-b7769000 r-xp 00000000 08:07 394546     /lib/i386-linux-gnu/libdl-2.19.so
b7769000-b776a000 r--p 00002000 08:07 394546     /lib/i386-linux-gnu/libdl-2.19.so
b776a000-b776b000 rw-p 00003000 08:07 394546     /lib/i386-linux-gnu/libdl-2.19.so
b776b000-b777f000 r-xp 00000000 08:07 270536     /home/arun/jdk1.8.0_101/lib/i386/jli/libjli.so
b777f000-b7780000 rw-p 00014000 08:07 270536     /home/arun/jdk1.8.0_101/lib/i386/jli/libjli.so
b7780000-b7781000 rw-p 00000000 00:00 0 
b7781000-b7799000 r-xp 00000000 08:07 394649     /lib/i386-linux-gnu/libpthread-2.19.so
b7799000-b779a000 r--p 00018000 08:07 394649     /lib/i386-linux-gnu/libpthread-2.19.so
b779a000-b779b000 rw-p 00019000 08:07 394649     /lib/i386-linux-gnu/libpthread-2.19.so
b779b000-b779d000 rw-p 00000000 00:00 0 
b779d000-b779e000 r--p 00850000 08:07 2367994    /usr/lib/locale/locale-archive
b779e000-b77a5000 r-xp 00000000 08:07 394600     /lib/i386-linux-gnu/libnss_compat-2.19.so
b77a5000-b77a6000 r--p 00006000 08:07 394600     /lib/i386-linux-gnu/libnss_compat-2.19.so
b77a6000-b77a7000 rw-p 00007000 08:07 394600     /lib/i386-linux-gnu/libnss_compat-2.19.so
b77a7000-b77a8000 rw-p 00000000 00:00 0 
b77a8000-b77a9000 r--p 00000000 00:00 0 
b77a9000-b77b4000 r-xp 00000000 08:07 399385     /home/arun/jdk1.8.0_101/jre/lib/i386/libverify.so
b77b4000-b77b5000 rw-p 0000b000 08:07 399385     /home/arun/jdk1.8.0_101/jre/lib/i386/libverify.so
b77b5000-b77b7000 rw-p 00000000 00:00 0 
b77b7000-b77b9000 r--p 00000000 00:00 0          [vvar]
b77b9000-b77bb000 r-xp 00000000 00:00 0          [vdso]
b77bb000-b77db000 r-xp 00000000 08:07 394505     /lib/i386-linux-gnu/ld-2.19.so
b77db000-b77dc000 r--p 0001f000 08:07 394505     /lib/i386-linux-gnu/ld-2.19.so
b77dc000-b77dd000 rw-p 00020000 08:07 394505     /lib/i386-linux-gnu/ld-2.19.so
bf8b5000-bf8b6000 rwxp 00000000 00:00 0 
bf8e8000-bf909000 rw-p 00000000 00:00 0          [stack]

VM Arguments:
jvm_args: -Dfile.encoding=UTF-8 
java_command: Pennyworth.welcome
java_class_path (initial): /home/arun/mongo-java-driver-2.11.3.jar:/home/arun/netbeans-8.0.2/java/modules/ext/beansbinding-1.2.1.jar:/home/arun/jcommon.jar:/home/arun/jfreechart-1.0.6.jar:/home/arun/activation.jar:/home/arun/commons-io-1.3.2.jar:/home/arun/commons-io-1.3.2.jar.zip:/home/arun/commons-io-1.4.jar:/home/arun/dsn.jar:/home/arun/freemarker-2.3.16.jar:/home/arun/hamcrest-core-1.3.jar:/home/arun/imap.jar:/home/arun/jar_for_mail-20160930T123919Z.zip:/home/arun/jcommon-1.0.23.jar:/home/arun/jfreechart-1.0.19-demo.jar:/home/arun/jfreechart-1.0.19-experimental.jar:/home/arun/jfreechart-1.0.19-swt.jar:/home/arun/jfreechart-1.0.19.jar:/home/arun/jfreesvg-2.0.jar:/home/arun/junit-4.11.jar:/home/arun/mail.jar:/home/arun/mailapi.jar:/home/arun/orsoncharts-1.4-eval-nofx.jar:/home/arun/orsonpdf-1.6-eval.jar:/home/arun/pop3.jar:/home/arun/servlet.jar:/home/arun/smtp.jar:/home/arun/swtgraphics2d.jar:/home/arun/way2sms-api-4.0.0.jar:/home/arun/itextpdf-5.3.2.jar:/home/arun/json-simple-1.1.jar:/home/arun/NetBeansProjects/Pennyworth-MoneyManager1/build/classes
Launcher Type: SUN_STANDARD

Environment Variables:
JAVA_HOME=/usr/lib/jvm/java-8-oracle
PATH=/usr/local/sbin:/usr/local/bin:/usr/sbin:/usr/bin:/sbin:/bin:/usr/games:/usr/local/games:/usr/lib/jvm/java-8-oracle/bin:/usr/lib/jvm/java-8-oracle/db/bin:/usr/lib/jvm/java-8-oracle/jre/bin
LD_LIBRARY_PATH=/home/arun/jdk1.8.0_101/jre/lib/amd64:/home/arun/jdk1.8.0_101/jre/lib/i386:
SHELL=/bin/bash
DISPLAY=:0

Signal Handlers:
SIGSEGV: [libjvm.so+0x8d4e30], sa_mask[0]=11111111011111111101111111111110, sa_flags=SA_RESTART|SA_SIGINFO
SIGBUS: [libjvm.so+0x8d4e30], sa_mask[0]=11111111011111111101111111111110, sa_flags=SA_RESTART|SA_SIGINFO
SIGFPE: [libjvm.so+0x753000], sa_mask[0]=11111111011111111101111111111110, sa_flags=SA_RESTART|SA_SIGINFO
SIGPIPE: SIG_IGN, sa_mask[0]=00000000000010000000000000000000, sa_flags=SA_RESTART
SIGXFSZ: [libjvm.so+0x753000], sa_mask[0]=11111111011111111101111111111110, sa_flags=SA_RESTART|SA_SIGINFO
SIGILL: [libjvm.so+0x753000], sa_mask[0]=11111111011111111101111111111110, sa_flags=SA_RESTART|SA_SIGINFO
SIGUSR1: SIG_DFL, sa_mask[0]=00000000000000000000000000000000, sa_flags=none
SIGUSR2: [libjvm.so+0x754680], sa_mask[0]=00100000000000000000000000000000, sa_flags=SA_RESTART|SA_SIGINFO
SIGHUP: [libjvm.so+0x755b30], sa_mask[0]=11111111011111111101111111111110, sa_flags=SA_RESTART|SA_SIGINFO
SIGINT: SIG_IGN, sa_mask[0]=00000000000000000000000000000000, sa_flags=none
SIGTERM: [libjvm.so+0x755b30], sa_mask[0]=11111111011111111101111111111110, sa_flags=SA_RESTART|SA_SIGINFO
SIGQUIT: [libjvm.so+0x755b30], sa_mask[0]=11111111011111111101111111111110, sa_flags=SA_RESTART|SA_SIGINFO


---------------  S Y S T E M  ---------------

OS:DISTRIB_ID=Ubuntu
DISTRIB_RELEASE=14.04
DISTRIB_CODENAME=trusty
DISTRIB_DESCRIPTION="Ubuntu 14.04.5 LTS"

uname:Linux 4.4.0-45-generic #66~14.04.1-Ubuntu SMP Wed Oct 19 15:07:39 UTC 2016 i686
libc:glibc 2.19 NPTL 2.19 
rlimit: STACK 8192k, CORE 0k, NPROC 31908, NOFILE 4096, AS infinity
load average:0.99 1.10 1.03

/proc/meminfo:
MemTotal:        4105808 kB
MemFree:          410820 kB
MemAvailable:    1472996 kB
Buffers:           74444 kB
Cached:          1331392 kB
SwapCached:        77760 kB
Active:          2204920 kB
Inactive:        1331540 kB
Active(anon):    1545032 kB
Inactive(anon):   608308 kB
Active(file):     659888 kB
Inactive(file):   723232 kB
Unevictable:          92 kB
Mlocked:              92 kB
HighTotal:       3247464 kB
HighFree:         177452 kB
LowTotal:         858344 kB
LowFree:          233368 kB
SwapTotal:       1998844 kB
SwapFree:        1511096 kB
Dirty:              1440 kB
Writeback:             0 kB
AnonPages:       2069956 kB
Mapped:           244564 kB
Shmem:             22576 kB
Slab:              90964 kB
SReclaimable:      63356 kB
SUnreclaim:        27608 kB
KernelStack:        6960 kB
PageTables:        16000 kB
NFS_Unstable:          0 kB
Bounce:              400 kB
WritebackTmp:          0 kB
CommitLimit:     4051748 kB
Committed_AS:    6800008 kB
VmallocTotal:     122880 kB
VmallocUsed:           0 kB
VmallocChunk:          0 kB
AnonHugePages:   1382400 kB
CmaTotal:              0 kB
CmaFree:               0 kB
HugePages_Total:       0
HugePages_Free:        0
HugePages_Rsvd:        0
HugePages_Surp:        0
Hugepagesize:       2048 kB
DirectMap4k:      188408 kB
DirectMap2M:      724992 kB


CPU:total 2 (2 cores per cpu, 1 threads per core) family 6 model 23 stepping 10, cmov, cx8, fxsr, mmx, sse, sse2, sse3, ssse3, sse4.1, tsc

/proc/cpuinfo:
processor	: 0
vendor_id	: GenuineIntel
cpu family	: 6
model		: 23
model name	: Intel(R) Core(TM)2 Duo CPU     T6600  @ 2.20GHz
stepping	: 10
microcode	: 0xa07
cpu MHz		: 2200.000
cache size	: 2048 KB
physical id	: 0
siblings	: 2
core id		: 0
cpu cores	: 2
apicid		: 0
initial apicid	: 0
fdiv_bug	: no
f00f_bug	: no
coma_bug	: no
fpu		: yes
fpu_exception	: yes
cpuid level	: 13
wp		: yes
flags		: fpu vme de pse tsc msr pae mce cx8 apic sep mtrr pge mca cmov pat pse36 clflush dts acpi mmx fxsr sse sse2 ss ht tm pbe nx lm constant_tsc arch_perfmon pebs bts aperfmperf pni dtes64 monitor ds_cpl est tm2 ssse3 cx16 xtpr pdcm sse4_1 xsave lahf_lm dtherm
bugs		:
bogomips	: 4388.94
clflush size	: 64
cache_alignment	: 64
address sizes	: 36 bits physical, 48 bits virtual
power management:

processor	: 1
vendor_id	: GenuineIntel
cpu family	: 6
model		: 23
model name	: Intel(R) Core(TM)2 Duo CPU     T6600  @ 2.20GHz
stepping	: 10
microcode	: 0xa07
cpu MHz		: 2200.000
cache size	: 2048 KB
physical id	: 0
siblings	: 2
core id		: 1
cpu cores	: 2
apicid		: 1
initial apicid	: 1
fdiv_bug	: no
f00f_bug	: no
coma_bug	: no
fpu		: yes
fpu_exception	: yes
cpuid level	: 13
wp		: yes
flags		: fpu vme de pse tsc msr pae mce cx8 apic sep mtrr pge mca cmov pat pse36 clflush dts acpi mmx fxsr sse sse2 ss ht tm pbe nx lm constant_tsc arch_perfmon pebs bts aperfmperf pni dtes64 monitor ds_cpl est tm2 ssse3 cx16 xtpr pdcm sse4_1 xsave lahf_lm dtherm
bugs		:
bogomips	: 4388.94
clflush size	: 64
cache_alignment	: 64
address sizes	: 36 bits physical, 48 bits virtual
power management:



Memory: 4k page, physical 4105808k(410820k free), swap 1998844k(1511096k free)

vm_info: Java HotSpot(TM) Server VM (25.101-b13) for linux-x86 JRE (1.8.0_101-b13), built on Jun 22 2016 02:31:35 by "java_re" with gcc 4.3.0 20080428 (Red Hat 4.3.0-8)

time: Wed Oct 26 00:25:56 2016
elapsed time: 12495 seconds (0d 3h 28m 15s)

