#
# A fatal error has been detected by the Java Runtime Environment:
#
#  SIGSEGV (0xb) at pc=0xa752275d, pid=14917, tid=0x64811b40
#
# JRE version: Java(TM) SE Runtime Environment (8.0_101-b13) (build 1.8.0_101-b13)
# Java VM: Java HotSpot(TM) Server VM (25.101-b13 mixed mode linux-x86 )
# Problematic frame:
# v  ~BufferBlob::jni_fast_GetLongField
#
# Failed to write core dump. Core dumps have been disabled. To enable core dumping, try "ulimit -c unlimited" before starting Java again
#
# If you would like to submit a bug report, please visit:
#   http://bugreport.java.com/bugreport/crash.jsp
# The crash happened outside the Java Virtual Machine in native code.
# See problematic frame for where to report the bug.
#

---------------  T H R E A D  ---------------

Current thread (0x64cfa400):  JavaThread "AWT-XAWT" daemon [_thread_in_native, id=14935, stack(0x647c1000,0x64812000)]

siginfo: si_signo: 11 (SIGSEGV), si_code: 1 (SEGV_MAPERR), si_addr: 0x00000000

Registers:
EAX=0x00000000, EBX=0x64d87624, ECX=0x00000206, EDX=0x00000000
ESP=0x64810a08, EBP=0x64810a48, ESI=0x00000042, EDI=0x00000000
EIP=0xa752275d, EFLAGS=0x00010246, CR2=0x00000000

Top of Stack: (sp=0x64810a08)
0x64810a08:   64cfa538 64d7111d 64cfa538 00000000
0x64810a18:   00000042 64b38084 64cc9f4c 64cfa538
0x64810a28:   64810a48 00000000 b70d6864 00010002
0x64810a38:   64a1a120 649fd000 63d05778 00000000
0x64810a48:   63d09038 64929e18 63d09038 00000000
0x64810a58:   00000000 649fd000 649fd000 64cc9560
0x64810a68:   64929db9 649fd000 63d05720 00e00003
0x64810a78:   64a22e08 649212e8 63d09038 687051c0 

Instructions: (pc=0xa752275d)
0xa752273d:   00 00 00 56 8b 0d 28 f0 0f b7 f6 c1 01 0f 85 30
0xa752274d:   00 00 00 8b c1 83 e0 01 8b 54 04 0c 8b 74 24 10
0xa752275d:   8b 12 c1 ee 02 8b 04 32 8b 54 32 04 be 28 f0 0f
0xa752276d:   b7 33 f2 33 f0 33 f2 33 f0 3b 0e 0f 85 02 00 00 

Register to memory mapping:

EAX=0x00000000 is an unknown value
EBX=0x64d87624: <offset 0x4c624> in /home/arun/jdk1.8.0_101/jre/lib/i386/libawt_xawt.so at 0x64d3b000
ECX=0x00000206 is an unknown value
EDX=0x00000000 is an unknown value
ESP=0x64810a08 is pointing into the stack for thread: 0x64cfa400
EBP=0x64810a48 is pointing into the stack for thread: 0x64cfa400
ESI=0x00000042 is an unknown value
EDI=0x00000000 is an unknown value


Stack: [0x647c1000,0x64812000],  sp=0x64810a08,  free space=318k
Native frames: (J=compiled Java code, j=interpreted, Vv=VM code, C=native code)
v  ~BufferBlob::jni_fast_GetLongField
C  [libX11.so.6+0x5de18]  _XimServerDestroy+0x68

Java frames: (J=compiled Java code, j=interpreted, Vv=VM code)
J 1615  sun.awt.X11.XlibWrapper.XFilterEvent(JJ)Z (0 bytes) @ 0xa78c9336 [0xa78c92e0+0x56]
j  sun.awt.X11.XToolkit.run(Z)V+300
j  sun.awt.X11.XToolkit.run()V+5
j  java.lang.Thread.run()V+11
v  ~StubRoutines::call_stub

---------------  P R O C E S S  ---------------

Java Threads: ( => current thread )
  0x63df5800 JavaThread "MongoCleaner22567568" daemon [_thread_blocked, id=14986, stack(0x62a34000,0x62a85000)]
  0x63df4400 JavaThread "MongoCleaner23527255" daemon [_thread_blocked, id=14984, stack(0x62a85000,0x62ad6000)]
  0x63df3000 JavaThread "MongoCleaner4262035" daemon [_thread_blocked, id=14982, stack(0x62ad6000,0x62b27000)]
  0x63df1c00 JavaThread "MongoCleaner16289795" daemon [_thread_blocked, id=14980, stack(0x62b27000,0x62b78000)]
  0x632f7800 JavaThread "MongoCleaner31716050" daemon [_thread_blocked, id=14978, stack(0x62b78000,0x62bc9000)]
  0x632f3800 JavaThread "MongoCleaner5502194" daemon [_thread_blocked, id=14976, stack(0x62bc9000,0x62c1a000)]
  0x632f2400 JavaThread "MongoCleaner19412485" daemon [_thread_blocked, id=14974, stack(0x644af000,0x64500000)]
  0x63dbd400 JavaThread "MongoCleaner19719630" daemon [_thread_blocked, id=14972, stack(0x6435e000,0x643af000)]
  0x62e7a400 JavaThread "MongoCleaner7016638" daemon [_thread_blocked, id=14966, stack(0x62c1a000,0x62c6b000)]
  0x62e79000 JavaThread "MongoCleaner5310972" daemon [_thread_blocked, id=14964, stack(0x62c6b000,0x62cbc000)]
  0x62e78000 JavaThread "MongoCleaner14585064" daemon [_thread_blocked, id=14962, stack(0x62cbc000,0x62d0d000)]
  0x62e75c00 JavaThread "MongoCleaner28204031" daemon [_thread_blocked, id=14960, stack(0x62d0d000,0x62d5e000)]
  0x62e74c00 JavaThread "MongoCleaner30590048" daemon [_thread_blocked, id=14958, stack(0x62d5e000,0x62daf000)]
  0x62e73800 JavaThread "MongoCleaner4889210" daemon [_thread_blocked, id=14956, stack(0x62daf000,0x62e00000)]
  0x62e72000 JavaThread "MongoCleaner11421857" daemon [_thread_blocked, id=14954, stack(0x62f0d000,0x62f5e000)]
  0x63dbcc00 JavaThread "MongoCleaner13874138" daemon [_thread_blocked, id=14950, stack(0x630af000,0x63100000)]
  0x63d7ac00 JavaThread "MongoCleaner22342465" daemon [_thread_blocked, id=14948, stack(0x6305e000,0x630af000)]
  0x63d0d400 JavaThread "TimerQueue" daemon [_thread_blocked, id=14940, stack(0x63baf000,0x63c00000)]
  0xb6507800 JavaThread "DestroyJavaVM" [_thread_blocked, id=14921, stack(0xb665e000,0xb66af000)]
  0x64cfd000 JavaThread "AWT-EventQueue-0" [_thread_blocked, id=14937, stack(0x6471f000,0x64770000)]
  0x64cfc000 JavaThread "AWT-Shutdown" [_thread_blocked, id=14936, stack(0x64770000,0x647c1000)]
=>0x64cfa400 JavaThread "AWT-XAWT" daemon [_thread_in_native, id=14935, stack(0x647c1000,0x64812000)]
  0x64ce9400 JavaThread "Java2D Disposer" daemon [_thread_blocked, id=14934, stack(0x64812000,0x64863000)]
  0x65238800 JavaThread "Service Thread" daemon [_thread_blocked, id=14932, stack(0x64e0b000,0x64e5c000)]
  0x65235800 JavaThread "C1 CompilerThread1" daemon [_thread_blocked, id=14931, stack(0x64e5c000,0x64edd000)]
  0x65233800 JavaThread "C2 CompilerThread0" daemon [_thread_blocked, id=14930, stack(0x64edd000,0x64f5e000)]
  0x65232000 JavaThread "Signal Dispatcher" daemon [_thread_blocked, id=14929, stack(0x64f5e000,0x64faf000)]
  0x65218000 JavaThread "Finalizer" daemon [_thread_blocked, id=14928, stack(0x651af000,0x65200000)]
  0x65215000 JavaThread "Reference Handler" daemon [_thread_blocked, id=14927, stack(0x6533e000,0x6538f000)]

Other Threads:
  0x65210800 VMThread [stack: 0x67e30000,0x67eb1000] [id=14926]
  0x6523a800 WatcherThread [stack: 0x64d8a000,0x64e0b000] [id=14933]

VM state:not at safepoint (normal execution)

VM Mutex/Monitor currently owned by a thread: None

Heap:
 PSYoungGen      total 18944K, used 4372K [0x92180000, 0x93f00000, 0xa7000000)
  eden space 16384K, 11% used [0x92180000,0x92345728,0x93180000)
  from space 2560K, 99% used [0x931c0000,0x9343fb30,0x93440000)
  to   space 6912K, 0% used [0x93840000,0x93840000,0x93f00000)
 ParOldGen       total 43776K, used 11189K [0x68400000, 0x6aec0000, 0x92180000)
  object space 43776K, 25% used [0x68400000,0x68eed7e8,0x6aec0000)
 Metaspace       used 14078K, capacity 14313K, committed 14360K, reserved 14640K

Card table byte_map: [0x68209000,0x68400000] byte_map_base: 0x67ec7000

Marking Bits: (ParMarkBitMap*) 0xb70fe8e0
 Begin Bits: [0x65da0000, 0x66d50000)
 End Bits:   [0x66d50000, 0x67d00000)

Polling page: 0xb7705000

CodeCache: size=245760Kb used=8700Kb max_used=8711Kb free=237059Kb
 bounds [0xa74cd000, 0xa7d55000, 0xb64cd000]
 total_blobs=3614 nmethods=3309 adapters=217
 compilation: enabled

Compilation events (10 events):
Event: 295.737 Thread 0x65235800 3673       3       java.util.Vector::<init> (53 bytes)
Event: 295.743 Thread 0x65235800 nmethod 3673 0xa7d4b488 code [0xa7d4b5e0, 0xa7d4b958]
Event: 416.323 Thread 0x65233800 3674       4       java.util.concurrent.ConcurrentHashMap$ValuesView::iterator (34 bytes)
Event: 416.329 Thread 0x65233800 nmethod 3674 0xa7d498c8 code [0xa7d499e0, 0xa7d49c30]
Event: 416.329 Thread 0x65233800 3675       4       java.util.concurrent.ConcurrentHashMap$Traverser::<init> (36 bytes)
Event: 416.330 Thread 0x65233800 nmethod 3675 0xa77f8408 code [0xa77f8500, 0xa77f8570]
Event: 418.324 Thread 0x65233800 3676       4       java.util.concurrent.ConcurrentHashMap::values (27 bytes)
Event: 418.325 Thread 0x65233800 nmethod 3676 0xa7d47008 code [0xa7d47100, 0xa7d471b0]
Event: 418.660 Thread 0x65233800 3677       4       com.mongodb.DBTCPConnector::isOpen (16 bytes)
Event: 418.661 Thread 0x65233800 nmethod 3677 0xa7d52bc8 code [0xa7d52cc0, 0xa7d52d30]

GC Heap History (10 events):
Event: 2.770 GC heap before
{Heap before GC invocations=1 (full 0):
 PSYoungGen      total 19200K, used 16640K [0x92180000, 0x936c0000, 0xa7000000)
  eden space 16640K, 100% used [0x92180000,0x931c0000,0x931c0000)
  from space 2560K, 0% used [0x93440000,0x93440000,0x936c0000)
  to   space 2560K, 0% used [0x931c0000,0x931c0000,0x93440000)
 ParOldGen       total 43776K, used 0K [0x68400000, 0x6aec0000, 0x92180000)
  object space 43776K, 0% used [0x68400000,0x68400000,0x6aec0000)
 Metaspace       used 9084K, capacity 9257K, committed 9368K, reserved 9520K
Event: 2.789 GC heap after
Heap after GC invocations=1 (full 0):
 PSYoungGen      total 19200K, used 2551K [0x92180000, 0x936c0000, 0xa7000000)
  eden space 16640K, 0% used [0x92180000,0x92180000,0x931c0000)
  from space 2560K, 99% used [0x931c0000,0x9343dfb8,0x93440000)
  to   space 2560K, 0% used [0x93440000,0x93440000,0x936c0000)
 ParOldGen       total 43776K, used 939K [0x68400000, 0x6aec0000, 0x92180000)
  object space 43776K, 2% used [0x68400000,0x684ead68,0x6aec0000)
 Metaspace       used 9084K, capacity 9257K, committed 9368K, reserved 9520K
}
Event: 29.148 GC heap before
{Heap before GC invocations=2 (full 0):
 PSYoungGen      total 19200K, used 19191K [0x92180000, 0x936c0000, 0xa7000000)
  eden space 16640K, 100% used [0x92180000,0x931c0000,0x931c0000)
  from space 2560K, 99% used [0x931c0000,0x9343dfb8,0x93440000)
  to   space 2560K, 0% used [0x93440000,0x93440000,0x936c0000)
 ParOldGen       total 43776K, used 939K [0x68400000, 0x6aec0000, 0x92180000)
  object space 43776K, 2% used [0x68400000,0x684ead68,0x6aec0000)
 Metaspace       used 10892K, capacity 11083K, committed 11160K, reserved 11568K
Event: 29.160 GC heap after
Heap after GC invocations=2 (full 0):
 PSYoungGen      total 19200K, used 2550K [0x92180000, 0x936c0000, 0xa7000000)
  eden space 16640K, 0% used [0x92180000,0x92180000,0x931c0000)
  from space 2560K, 99% used [0x93440000,0x936bdba0,0x936c0000)
  to   space 2560K, 0% used [0x931c0000,0x931c0000,0x93440000)
 ParOldGen       total 43776K, used 1870K [0x68400000, 0x6aec0000, 0x92180000)
  object space 43776K, 4% used [0x68400000,0x685d3a38,0x6aec0000)
 Metaspace       used 10892K, capacity 11083K, committed 11160K, reserved 11568K
}
Event: 57.205 GC heap before
{Heap before GC invocations=3 (full 0):
 PSYoungGen      total 19200K, used 19190K [0x92180000, 0x936c0000, 0xa7000000)
  eden space 16640K, 100% used [0x92180000,0x931c0000,0x931c0000)
  from space 2560K, 99% used [0x93440000,0x936bdba0,0x936c0000)
  to   space 2560K, 0% used [0x931c0000,0x931c0000,0x93440000)
 ParOldGen       total 43776K, used 1870K [0x68400000, 0x6aec0000, 0x92180000)
  object space 43776K, 4% used [0x68400000,0x685d3a38,0x6aec0000)
 Metaspace       used 13003K, capacity 13200K, committed 13336K, reserved 13616K
Event: 57.228 GC heap after
Heap after GC invocations=3 (full 0):
 PSYoungGen      total 19200K, used 2550K [0x92180000, 0x936c0000, 0xa7000000)
  eden space 16640K, 0% used [0x92180000,0x92180000,0x931c0000)
  from space 2560K, 99% used [0x931c0000,0x9343db80,0x93440000)
  to   space 2560K, 0% used [0x93440000,0x93440000,0x936c0000)
 ParOldGen       total 43776K, used 4655K [0x68400000, 0x6aec0000, 0x92180000)
  object space 43776K, 10% used [0x68400000,0x6888bfb0,0x6aec0000)
 Metaspace       used 13003K, capacity 13200K, committed 13336K, reserved 13616K
}
Event: 116.454 GC heap before
{Heap before GC invocations=4 (full 0):
 PSYoungGen      total 19200K, used 19190K [0x92180000, 0x936c0000, 0xa7000000)
  eden space 16640K, 100% used [0x92180000,0x931c0000,0x931c0000)
  from space 2560K, 99% used [0x931c0000,0x9343db80,0x93440000)
  to   space 2560K, 0% used [0x93440000,0x93440000,0x936c0000)
 ParOldGen       total 43776K, used 4655K [0x68400000, 0x6aec0000, 0x92180000)
  object space 43776K, 10% used [0x68400000,0x6888bfb0,0x6aec0000)
 Metaspace       used 13949K, capacity 14146K, committed 14232K, reserved 14640K
Event: 116.500 GC heap after
Heap after GC invocations=4 (full 0):
 PSYoungGen      total 19200K, used 2556K [0x92180000, 0x936c0000, 0xa7000000)
  eden space 16640K, 0% used [0x92180000,0x92180000,0x931c0000)
  from space 2560K, 99% used [0x93440000,0x936bf048,0x936c0000)
  to   space 2560K, 0% used [0x931c0000,0x931c0000,0x93440000)
 ParOldGen       total 43776K, used 8826K [0x68400000, 0x6aec0000, 0x92180000)
  object space 43776K, 20% used [0x68400000,0x68c9e870,0x6aec0000)
 Metaspace       used 13949K, capacity 14146K, committed 14232K, reserved 14640K
}
Event: 129.584 GC heap before
{Heap before GC invocations=5 (full 0):
 PSYoungGen      total 19200K, used 19196K [0x92180000, 0x936c0000, 0xa7000000)
  eden space 16640K, 100% used [0x92180000,0x931c0000,0x931c0000)
  from space 2560K, 99% used [0x93440000,0x936bf048,0x936c0000)
  to   space 2560K, 0% used [0x931c0000,0x931c0000,0x93440000)
 ParOldGen       total 43776K, used 8826K [0x68400000, 0x6aec0000, 0x92180000)
  object space 43776K, 20% used [0x68400000,0x68c9e870,0x6aec0000)
 Metaspace       used 14052K, capacity 14281K, committed 14360K, reserved 14640K
Event: 129.610 GC heap after
Heap after GC invocations=5 (full 0):
 PSYoungGen      total 18944K, used 2558K [0x92180000, 0x93f00000, 0xa7000000)
  eden space 16384K, 0% used [0x92180000,0x92180000,0x93180000)
  from space 2560K, 99% used [0x931c0000,0x9343fb30,0x93440000)
  to   space 6912K, 0% used [0x93840000,0x93840000,0x93f00000)
 ParOldGen       total 43776K, used 11189K [0x68400000, 0x6aec0000, 0x92180000)
  object space 43776K, 25% used [0x68400000,0x68eed7e8,0x6aec0000)
 Metaspace       used 14052K, capacity 14281K, committed 14360K, reserved 14640K
}

Deoptimization events (10 events):
Event: 29.397 Thread 0x64cfd000 Uncommon trap: reason=class_check action=maybe_recompile pc=0xa77c9a84 method=sun.util.logging.PlatformLogger.finest(Ljava/lang/String;)V @ 8
Event: 43.096 Thread 0x64cfd000 Uncommon trap: reason=unstable_if action=reinterpret pc=0xa7a96b0c method=sun.font.CMap$CMapFormat4.getGlyph(I)C @ 181
Event: 43.827 Thread 0x64cfd000 Uncommon trap: reason=unstable_if action=reinterpret pc=0xa77ddd9c method=java.lang.StrictMath.floorOrCeil(DDDD)D @ 8
Event: 43.827 Thread 0x64cfd000 Uncommon trap: reason=unstable_if action=reinterpret pc=0xa77def50 method=java.lang.StrictMath.floorOrCeil(DDDD)D @ 90
Event: 72.137 Thread 0x64cfd000 Uncommon trap: reason=bimorphic action=maybe_recompile pc=0xa77ee698 method=javax.swing.GroupLayout$Group.calculateSize(II)I @ 57
Event: 72.137 Thread 0x64cfd000 Uncommon trap: reason=bimorphic action=maybe_recompile pc=0xa77ee698 method=javax.swing.GroupLayout$Group.calculateSize(II)I @ 57
Event: 72.137 Thread 0x64cfd000 Uncommon trap: reason=bimorphic action=maybe_recompile pc=0xa77ee698 method=javax.swing.GroupLayout$Group.calculateSize(II)I @ 57
Event: 72.137 Thread 0x64cfd000 Uncommon trap: reason=bimorphic action=maybe_recompile pc=0xa77ee698 method=javax.swing.GroupLayout$Group.calculateSize(II)I @ 57
Event: 111.431 Thread 0x64cfd000 Uncommon trap: reason=unstable_if action=reinterpret pc=0xa7b43694 method=java.awt.Container.findComponentAtImpl(IIZ)Ljava/awt/Component; @ 24
Event: 116.526 Thread 0x64cfd000 Uncommon trap: reason=predicate action=maybe_recompile pc=0xa7c4e760 method=java.util.AbstractCollection.toArray([Ljava/lang/Object;)[Ljava/lang/Object; @ 49

Internal exceptions (10 events):
Event: 116.630 Thread 0x64cfd000 Exception <a 'java/lang/ClassNotFoundException': javax/swing/JComponentCustomizer> (0x9290f1e0) thrown at [/HUDSON/workspace/8-2-build-linux-i586/jdk8u101/7261/hotspot/src/share/vm/classfile/systemDictionary.cpp, line 210]
Event: 116.641 Thread 0x64cfd000 Exception <a 'java/lang/ClassNotFoundException': javax/swing/JPanelCustomizer> (0x92984068) thrown at [/HUDSON/workspace/8-2-build-linux-i586/jdk8u101/7261/hotspot/src/share/vm/classfile/systemDictionary.cpp, line 210]
Event: 116.650 Thread 0x64cfd000 Exception <a 'java/lang/ClassNotFoundException': java/lang/ObjectCustomizer> (0x9299d6d0) thrown at [/HUDSON/workspace/8-2-build-linux-i586/jdk8u101/7261/hotspot/src/share/vm/classfile/systemDictionary.cpp, line 210]
Event: 116.650 Thread 0x64cfd000 Exception <a 'java/lang/ClassNotFoundException': java/awt/ComponentCustomizer> (0x929a4ee0) thrown at [/HUDSON/workspace/8-2-build-linux-i586/jdk8u101/7261/hotspot/src/share/vm/classfile/systemDictionary.cpp, line 210]
Event: 116.656 Thread 0x64cfd000 Exception <a 'java/lang/ClassNotFoundException': java/awt/ContainerCustomizer> (0x92a2f290) thrown at [/HUDSON/workspace/8-2-build-linux-i586/jdk8u101/7261/hotspot/src/share/vm/classfile/systemDictionary.cpp, line 210]
Event: 116.658 Thread 0x64cfd000 Exception <a 'java/lang/ClassNotFoundException': javax/swing/JComponentCustomizer> (0x92a703b8) thrown at [/HUDSON/workspace/8-2-build-linux-i586/jdk8u101/7261/hotspot/src/share/vm/classfile/systemDictionary.cpp, line 210]
Event: 116.665 Thread 0x64cfd000 Exception <a 'java/lang/ClassNotFoundException': javax/swing/JPanelCustomizer> (0x92ae5288) thrown at [/HUDSON/workspace/8-2-build-linux-i586/jdk8u101/7261/hotspot/src/share/vm/classfile/systemDictionary.cpp, line 210]
Event: 116.799 Thread 0x64cfd000 Exception <a 'java/lang/UnsupportedOperationException': > (0x92b39f48) thrown at [/HUDSON/workspace/8-2-build-linux-i586/jdk8u101/7261/hotspot/src/share/vm/prims/jni.cpp, line 735]
Event: 127.389 Thread 0x64cfd000 Exception <a 'java/lang/UnsupportedOperationException': > (0x92cc71c0) thrown at [/HUDSON/workspace/8-2-build-linux-i586/jdk8u101/7261/hotspot/src/share/vm/prims/jni.cpp, line 735]
Event: 128.741 Thread 0x64cfd000 Exception <a 'java/lang/UnsupportedOperationException': > (0x9318c620) thrown at [/HUDSON/workspace/8-2-build-linux-i586/jdk8u101/7261/hotspot/src/share/vm/prims/jni.cpp, line 735]

Events (10 events):
Event: 129.911 loading class java/security/DomainCombiner done
Event: 133.924 Thread 0x65233800 flushing nmethod 0xa761e688
Event: 133.935 Thread 0x65235800 flushing nmethod 0xa77c5748
Event: 133.936 Thread 0x65235800 flushing nmethod 0xa77ed748
Event: 133.939 Thread 0x65235800 flushing nmethod 0xa77f8408
Event: 133.942 Thread 0x65233800 flushing nmethod 0xa7947748
Event: 133.942 Thread 0x65233800 flushing nmethod 0xa79479c8
Event: 133.946 Thread 0x65235800 flushing nmethod 0xa7a0f348
Event: 768.437 loading class sun/awt/X11/XDestroyWindowEvent
Event: 768.437 loading class sun/awt/X11/XDestroyWindowEvent done


Dynamic libraries:
08048000-08049000 r-xp 00000000 08:07 271195     /home/arun/jdk1.8.0_101/bin/java
08049000-0804a000 rw-p 00000000 08:07 271195     /home/arun/jdk1.8.0_101/bin/java
08d99000-0939d000 rw-p 00000000 00:00 0          [heap]
62a34000-62a37000 ---p 00000000 00:00 0 
62a37000-62a85000 rw-p 00000000 00:00 0 
62a85000-62a88000 ---p 00000000 00:00 0 
62a88000-62ad6000 rw-p 00000000 00:00 0 
62ad6000-62ad9000 ---p 00000000 00:00 0 
62ad9000-62b27000 rw-p 00000000 00:00 0 
62b27000-62b2a000 ---p 00000000 00:00 0 
62b2a000-62b78000 rw-p 00000000 00:00 0 
62b78000-62b7b000 ---p 00000000 00:00 0 
62b7b000-62bc9000 rw-p 00000000 00:00 0 
62bc9000-62bcc000 ---p 00000000 00:00 0 
62bcc000-62c1a000 rw-p 00000000 00:00 0 
62c1a000-62c1d000 ---p 00000000 00:00 0 
62c1d000-62c6b000 rw-p 00000000 00:00 0 
62c6b000-62c6e000 ---p 00000000 00:00 0 
62c6e000-62cbc000 rw-p 00000000 00:00 0 
62cbc000-62cbf000 ---p 00000000 00:00 0 
62cbf000-62d0d000 rw-p 00000000 00:00 0 
62d0d000-62d10000 ---p 00000000 00:00 0 
62d10000-62d5e000 rw-p 00000000 00:00 0 
62d5e000-62d61000 ---p 00000000 00:00 0 
62d61000-62daf000 rw-p 00000000 00:00 0 
62daf000-62db2000 ---p 00000000 00:00 0 
62db2000-62e00000 rw-p 00000000 00:00 0 
62e00000-62ebe000 rw-p 00000000 00:00 0 
62ebe000-62f00000 ---p 00000000 00:00 0 
62f0d000-62f10000 ---p 00000000 00:00 0 
62f10000-6301e000 rw-p 00000000 00:00 0 
6301e000-6305e000 ---p 00000000 00:00 0 
6305e000-63061000 ---p 00000000 00:00 0 
63061000-630af000 rw-p 00000000 00:00 0 
630af000-630b2000 ---p 00000000 00:00 0 
630b2000-63200000 rw-p 00000000 00:00 0 
63200000-632f9000 rw-p 00000000 00:00 0 
632f9000-63300000 ---p 00000000 00:00 0 
63300000-63400000 rw-p 00000000 00:00 0 
63400000-635f9000 rw-p 00000000 00:00 0 
635f9000-63600000 ---p 00000000 00:00 0 
63600000-63700000 rw-p 00000000 00:00 0 
63700000-637fe000 rw-p 00000000 00:00 0 
637fe000-63800000 ---p 00000000 00:00 0 
63800000-63900000 rw-p 00000000 00:00 0 
63900000-63a00000 rw-p 00000000 00:00 0 
63a00000-63afe000 rw-p 00000000 00:00 0 
63afe000-63b00000 ---p 00000000 00:00 0 
63b29000-63b51000 rw-s 00000000 00:05 339771420  /SYSV00000000 (deleted)
63b51000-63b77000 r-xp 00000000 08:07 399380     /home/arun/jdk1.8.0_101/jre/lib/i386/libdcpr.so
63b77000-63b7a000 rw-p 00025000 08:07 399380     /home/arun/jdk1.8.0_101/jre/lib/i386/libdcpr.so
63b7a000-63bae000 r-xp 00000000 08:07 399384     /home/arun/jdk1.8.0_101/jre/lib/i386/libjpeg.so
63bae000-63baf000 rw-p 00033000 08:07 399384     /home/arun/jdk1.8.0_101/jre/lib/i386/libjpeg.so
63baf000-63bb2000 ---p 00000000 00:00 0 
63bb2000-63d00000 rw-p 00000000 00:00 0 
63d00000-63dfa000 rw-p 00000000 00:00 0 
63dfa000-63e00000 ---p 00000000 00:00 0 
63e14000-63e1c000 r-xp 00000000 08:07 399378     /home/arun/jdk1.8.0_101/jre/lib/i386/libmanagement.so
63e1c000-63e1d000 rw-p 00007000 08:07 399378     /home/arun/jdk1.8.0_101/jre/lib/i386/libmanagement.so
63e1d000-63e27000 r--s 00116000 08:07 399451     /home/arun/jdk1.8.0_101/jre/lib/ext/localedata.jar
63e27000-63e43000 r--s 00393000 08:07 399447     /home/arun/jdk1.8.0_101/jre/lib/ext/cldrdata.jar
63e43000-63e4d000 r--s 00000000 08:07 3278054    /usr/share/fonts/X11/Type1/c0419bt_.pfb
63e4d000-63e63000 r--s 00000000 08:07 3278837    /usr/share/fonts/type1/gsfonts/n022023l.pfb
63e63000-63e74000 r--s 00000000 08:07 3278804    /usr/share/fonts/type1/gsfonts/n019024l.pfb
63e74000-63e90000 r--s 00000000 08:07 3278852    /usr/share/fonts/type1/gsfonts/p052024l.pfb
63e90000-63ea1000 r--s 00000000 08:07 3278765    /usr/share/fonts/type1/gsfonts/a010035l.pfb
63ea1000-63eb3000 r--s 00000000 08:07 3278810    /usr/share/fonts/type1/gsfonts/n019044l.pfb
63eb3000-63ecc000 r--s 00000000 08:07 3278819    /usr/share/fonts/type1/gsfonts/n021003l.pfb
63ecc000-63ee3000 r--s 00000000 08:07 3278858    /usr/share/fonts/type1/gsfonts/z003034l.pfb
63ee3000-63eed000 r--s 00000000 08:07 3278058    /usr/share/fonts/X11/Type1/c0583bt_.pfb
63eed000-63ef6000 r--s 00000000 08:07 3278855    /usr/share/fonts/type1/gsfonts/s050000l.pfb
63ef6000-63f06000 r--s 00000000 08:07 3278759    /usr/share/fonts/type1/gsfonts/a010015l.pfb
63f06000-63f1f000 r--s 00000000 08:07 3278822    /usr/share/fonts/type1/gsfonts/n021004l.pfb
63f1f000-63f29000 r--s 00000000 08:07 3278056    /usr/share/fonts/X11/Type1/c0582bt_.pfb
63f29000-63f3a000 r--s 00000000 08:07 3278813    /usr/share/fonts/type1/gsfonts/n019063l.pfb
63f3a000-63f55000 r--s 00000000 08:07 3278783    /usr/share/fonts/type1/gsfonts/c059016l.pfb
63f55000-63f70000 r--s 00000000 08:07 3278843    /usr/share/fonts/type1/gsfonts/p052003l.pfb
63f70000-63f87000 r--s 00000000 08:07 3278825    /usr/share/fonts/type1/gsfonts/n021023l.pfb
63f87000-63f90000 r--s 00000000 08:07 3278068    /usr/share/fonts/X11/Type1/c0649bt_.pfb
63f90000-63f99000 r--s 00000000 08:07 3278064    /usr/share/fonts/X11/Type1/c0633bt_.pfb
63f99000-63fb4000 r--s 00000000 08:07 3278849    /usr/share/fonts/type1/gsfonts/p052023l.pfb
63fb4000-63fbd000 r--s 00000000 08:07 3278066    /usr/share/fonts/X11/Type1/c0648bt_.pfb
63fbd000-63fcf000 r--s 00000000 08:07 3278798    /usr/share/fonts/type1/gsfonts/n019004l.pfb
63fcf000-63fe8000 r--s 00000000 08:07 3278768    /usr/share/fonts/type1/gsfonts/b018012l.pfb
63fe8000-63ff8000 r--s 00000000 08:07 3278756    /usr/share/fonts/type1/gsfonts/a010013l.pfb
63ff8000-6400e000 r--s 00000000 08:07 3278840    /usr/share/fonts/type1/gsfonts/n022024l.pfb
6400e000-64026000 r--s 00000000 08:07 3278786    /usr/share/fonts/type1/gsfonts/c059033l.pfb
64026000-64038000 r--s 00000000 08:07 3278777    /usr/share/fonts/type1/gsfonts/b018035l.pfb
64038000-64039000 r--s 00000000 08:07 1451382    /var/cache/fontconfig/c05880de57d1f5e948fdfacc138775d9-le32d4.cache-4
64039000-64041000 r--s 00000000 08:07 1441893    /var/cache/fontconfig/945677eb7aeaf62f1d50efc3fb3ec7d8-le32d4.cache-4
64041000-64043000 r--s 00000000 08:07 1451814    /var/cache/fontconfig/99e8ed0e538f840c565b6ed5dad60d56-le32d4.cache-4
64043000-64049000 r--s 00000000 08:07 1445080    /var/cache/fontconfig/a6d8cf8e4ec09cdbc8633c31745a07dd-le32d4.cache-4
64049000-6404d000 r--s 00000000 08:07 1451276    /var/cache/fontconfig/2cd17615ca594fa2959ae173292e504c-le32d4.cache-4
6404d000-6404e000 r--s 00000000 08:07 1451060    /var/cache/fontconfig/e7071f4a29fa870f4323321c154eba04-le32d4.cache-4
6404e000-6404f000 r--s 00000000 08:07 1450938    /var/cache/fontconfig/0d8c3b2ac0904cb8a57a757ad11a4a08-le32d4.cache-4
6404f000-64054000 r--s 00000000 08:07 1450264    /var/cache/fontconfig/a755afe4a08bf5b97852ceb7400b47bc-le32d4.cache-4
64054000-64063000 r--s 00000000 08:07 1450258    /var/cache/fontconfig/04aabc0a78ac019cf9454389977116d2-le32d4.cache-4
64063000-64066000 r--s 00000000 08:07 1450156    /var/cache/fontconfig/385c0604a188198f04d133e54aba7fe7-le32d4.cache-4
64066000-6406a000 r--s 00000000 08:07 1449778    /var/cache/fontconfig/8801497958630a81b71ace7c5f9b32a8-le32d4.cache-4
6406a000-6406f000 r--s 00000000 08:07 1449777    /var/cache/fontconfig/3047814df9a2f067bd2d96a2b9c36e5a-le32d4.cache-4
6406f000-6407f000 r--s 00000000 08:07 1449634    /var/cache/fontconfig/d52a8644073d54c13679302ca1180695-le32d4.cache-4
64086000-6408f000 r--s 00000000 08:07 3278062    /usr/share/fonts/X11/Type1/c0632bt_.pfb
6408f000-640a8000 r--s 00000000 08:07 3278834    /usr/share/fonts/type1/gsfonts/n022004l.pfb
640a8000-640bb000 r--s 00000000 08:07 3278771    /usr/share/fonts/type1/gsfonts/b018015l.pfb
640bb000-640d0000 r--s 00000000 08:07 3278774    /usr/share/fonts/type1/gsfonts/b018032l.pfb
640d0000-640e3000 r--s 00000000 08:07 3278816    /usr/share/fonts/type1/gsfonts/n019064l.pfb
640e3000-640fb000 r--s 00000000 08:07 3278789    /usr/share/fonts/type1/gsfonts/c059036l.pfb
640fb000-6410d000 r--s 00000000 08:07 3278807    /usr/share/fonts/type1/gsfonts/n019043l.pfb
6410d000-64127000 r--s 00000000 08:07 3278780    /usr/share/fonts/type1/gsfonts/c059013l.pfb
64127000-64133000 r--s 00000000 08:07 3278792    /usr/share/fonts/type1/gsfonts/d050000l.pfb
64138000-6414b000 r--s 00345000 08:07 399194     /home/arun/jdk1.8.0_101/jre/lib/resources.jar
6414b000-64155000 r--s 00000000 08:07 3278861    /usr/share/fonts/type1/mathml/Symbol.pfb
64155000-64165000 r--s 00000000 08:07 3278762    /usr/share/fonts/type1/gsfonts/a010033l.pfb
64165000-6416f000 r--s 00000000 08:07 3278060    /usr/share/fonts/X11/Type1/c0611bt_.pfb
6416f000-6418a000 r--s 00000000 08:07 3278846    /usr/share/fonts/type1/gsfonts/p052004l.pfb
6418a000-641a0000 r--s 00000000 08:07 3278828    /usr/share/fonts/type1/gsfonts/n021024l.pfb
641a0000-641b4000 r--s 00000000 08:07 3278795    /usr/share/fonts/type1/gsfonts/n019003l.pfb
641b4000-641c5000 r--s 00000000 08:07 3278801    /usr/share/fonts/type1/gsfonts/n019023l.pfb
641c5000-641c6000 r--s 00000000 08:07 1450157    /var/cache/fontconfig/1ac9eb803944fde146138c791f5cc56a-le32d4.cache-4
641c6000-641cd000 r--s 00000000 08:07 1445077    /var/cache/fontconfig/52f7bdb7ce746bfd7eaa1985bd9cfa93-le32d4.cache-4
641cd000-641d4000 r--s 00000000 08:07 1449632    /var/cache/fontconfig/3f7329c5293ffd510edef78f73874cfd-le32d4.cache-4
641d4000-641dd000 r--s 00000000 08:07 1449613    /var/cache/fontconfig/d589a48862398ed80a3d6066f4f56f4c-le32d4.cache-4
641dd000-641f5000 r--s 00000000 08:07 3278831    /usr/share/fonts/type1/gsfonts/n022003l.pfb
641f5000-64256000 r-xp 00000000 08:07 399410     /home/arun/jdk1.8.0_101/jre/lib/i386/libt2k.so
64256000-6425a000 rw-p 00061000 08:07 399410     /home/arun/jdk1.8.0_101/jre/lib/i386/libt2k.so
6425a000-6435e000 rw-p 00000000 00:00 0 
6435e000-64361000 ---p 00000000 00:00 0 
64361000-644af000 rw-p 00000000 00:00 0 
644af000-644b2000 ---p 00000000 00:00 0 
644b2000-64600000 rw-p 00000000 00:00 0 
64600000-64700000 rw-p 00000000 00:00 0 
64700000-64701000 r--s 00000000 08:07 1450133    /var/cache/fontconfig/dc05db6664285cc2f12bf69c139ae4c3-le32d4.cache-4
64701000-64705000 r--s 00000000 08:07 1449635    /var/cache/fontconfig/b47c4e1ecd0709278f4910c18777a504-le32d4.cache-4
64705000-6470f000 r--s 00000000 08:07 1449521    /var/cache/fontconfig/e13b20fdb08344e0e664864cc2ede53d-le32d4.cache-4
6470f000-6471e000 r-xp 00000000 08:07 399393     /home/arun/jdk1.8.0_101/jre/lib/i386/libnio.so
6471e000-6471f000 rw-p 0000e000 08:07 399393     /home/arun/jdk1.8.0_101/jre/lib/i386/libnio.so
6471f000-64722000 ---p 00000000 00:00 0 
64722000-64770000 rw-p 00000000 00:00 0 
64770000-64773000 ---p 00000000 00:00 0 
64773000-647c1000 rw-p 00000000 00:00 0 
647c1000-647c4000 ---p 00000000 00:00 0 
647c4000-64812000 rw-p 00000000 00:00 0 
64812000-64815000 ---p 00000000 00:00 0 
64815000-64863000 rw-p 00000000 00:00 0 
64863000-648c5000 r-xp 00000000 08:07 399403     /home/arun/jdk1.8.0_101/jre/lib/i386/libfontmanager.so
648c5000-648c8000 rw-p 00061000 08:07 399403     /home/arun/jdk1.8.0_101/jre/lib/i386/libfontmanager.so
648c8000-648cc000 rw-p 00000000 00:00 0 
648cc000-649fc000 r-xp 00000000 08:07 2364598    /usr/lib/i386-linux-gnu/libX11.so.6.3.0
649fc000-649fd000 r--p 00130000 08:07 2364598    /usr/lib/i386-linux-gnu/libX11.so.6.3.0
649fd000-649ff000 rw-p 00131000 08:07 2364598    /usr/lib/i386-linux-gnu/libX11.so.6.3.0
649ff000-64a00000 rw-p 00000000 00:00 0 
64a00000-64b00000 rw-p 00000000 00:00 0 
64b00000-64b02000 r--s 00000000 08:07 1449804    /var/cache/fontconfig/767a8244fc0220cfb567a839d0392e0b-le32d4.cache-4
64b02000-64b05000 r--s 00000000 08:07 272284     /home/arun/.cache/fontconfig/7ef2298fde41cc6eeb7af42e48b7d293-le32d4.cache-4
64b05000-64b0e000 r-xp 00000000 08:07 2364609    /usr/lib/i386-linux-gnu/libXcursor.so.1.0.2
64b0e000-64b0f000 r--p 00008000 08:07 2364609    /usr/lib/i386-linux-gnu/libXcursor.so.1.0.2
64b0f000-64b10000 rw-p 00009000 08:07 2364609    /usr/lib/i386-linux-gnu/libXcursor.so.1.0.2
64b10000-64b2c000 r-xp 00000000 08:07 394556     /lib/i386-linux-gnu/libgcc_s.so.1
64b2c000-64b2d000 rw-p 0001b000 08:07 394556     /lib/i386-linux-gnu/libgcc_s.so.1
64b2d000-64b4d000 r-xp 00000000 08:07 2365673    /usr/lib/i386-linux-gnu/libxcb.so.1.1.0
64b4d000-64b4e000 r--p 0001f000 08:07 2365673    /usr/lib/i386-linux-gnu/libxcb.so.1.1.0
64b4e000-64b4f000 rw-p 00020000 08:07 2365673    /usr/lib/i386-linux-gnu/libxcb.so.1.1.0
64b4f000-64bd5000 r-xp 00000000 08:07 399386     /home/arun/jdk1.8.0_101/jre/lib/i386/libawt.so
64bd5000-64bdc000 rw-p 00086000 08:07 399386     /home/arun/jdk1.8.0_101/jre/lib/i386/libawt.so
64bdc000-64c00000 rw-p 00000000 00:00 0 
64c00000-64d00000 rw-p 00000000 00:00 0 
64d00000-64d04000 r-xp 00000000 08:07 2364617    /usr/lib/i386-linux-gnu/libXfixes.so.3.1.0
64d04000-64d05000 r--p 00003000 08:07 2364617    /usr/lib/i386-linux-gnu/libXfixes.so.3.1.0
64d05000-64d06000 rw-p 00004000 08:07 2364617    /usr/lib/i386-linux-gnu/libXfixes.so.3.1.0
64d06000-64d0b000 r-xp 00000000 08:07 2364613    /usr/lib/i386-linux-gnu/libXdmcp.so.6.0.0
64d0b000-64d0c000 r--p 00004000 08:07 2364613    /usr/lib/i386-linux-gnu/libXdmcp.so.6.0.0
64d0c000-64d0d000 rw-p 00005000 08:07 2364613    /usr/lib/i386-linux-gnu/libXdmcp.so.6.0.0
64d0d000-64d0f000 r-xp 00000000 08:07 2364602    /usr/lib/i386-linux-gnu/libXau.so.6.0.0
64d0f000-64d10000 r--p 00001000 08:07 2364602    /usr/lib/i386-linux-gnu/libXau.so.6.0.0
64d10000-64d11000 rw-p 00002000 08:07 2364602    /usr/lib/i386-linux-gnu/libXau.so.6.0.0
64d11000-64d1f000 r-xp 00000000 08:07 2364623    /usr/lib/i386-linux-gnu/libXi.so.6.1.0
64d1f000-64d20000 r--p 0000e000 08:07 2364623    /usr/lib/i386-linux-gnu/libXi.so.6.1.0
64d20000-64d21000 rw-p 0000f000 08:07 2364623    /usr/lib/i386-linux-gnu/libXi.so.6.1.0
64d21000-64d26000 r-xp 00000000 08:07 2364643    /usr/lib/i386-linux-gnu/libXtst.so.6.1.0
64d26000-64d27000 r--p 00004000 08:07 2364643    /usr/lib/i386-linux-gnu/libXtst.so.6.1.0
64d27000-64d28000 rw-p 00005000 08:07 2364643    /usr/lib/i386-linux-gnu/libXtst.so.6.1.0
64d28000-64d39000 r-xp 00000000 08:07 2364615    /usr/lib/i386-linux-gnu/libXext.so.6.4.0
64d39000-64d3a000 r--p 00010000 08:07 2364615    /usr/lib/i386-linux-gnu/libXext.so.6.4.0
64d3a000-64d3b000 rw-p 00011000 08:07 2364615    /usr/lib/i386-linux-gnu/libXext.so.6.4.0
64d3b000-64d87000 r-xp 00000000 08:07 399399     /home/arun/jdk1.8.0_101/jre/lib/i386/libawt_xawt.so
64d87000-64d89000 rw-p 0004c000 08:07 399399     /home/arun/jdk1.8.0_101/jre/lib/i386/libawt_xawt.so
64d89000-64d8a000 rw-p 00000000 00:00 0 
64d8a000-64d8b000 ---p 00000000 00:00 0 
64d8b000-64e0b000 rw-p 00000000 00:00 0 
64e0b000-64e0e000 ---p 00000000 00:00 0 
64e0e000-64e5c000 rw-p 00000000 00:00 0 
64e5c000-64e5f000 ---p 00000000 00:00 0 
64e5f000-64edd000 rw-p 00000000 00:00 0 
64edd000-64ee0000 ---p 00000000 00:00 0 
64ee0000-64f5e000 rw-p 00000000 00:00 0 
64f5e000-64f61000 ---p 00000000 00:00 0 
64f61000-64faf000 rw-p 00000000 00:00 0 
64faf000-651af000 r--p 00000000 08:07 2367994    /usr/lib/locale/locale-archive
651af000-651b2000 ---p 00000000 00:00 0 
651b2000-65200000 rw-p 00000000 00:00 0 
65200000-65300000 rw-p 00000000 00:00 0 
65300000-65301000 r--s 00000000 08:07 1449803    /var/cache/fontconfig/4794a0821666d79190d59a36cb4f44b5-le32d4.cache-4
65301000-65302000 r--s 00000000 08:07 1449637    /var/cache/fontconfig/56cf4f4769d0f4abc89a4895d7bd3ae1-le32d4.cache-4
65302000-6530b000 r-xp 00000000 08:07 2364637    /usr/lib/i386-linux-gnu/libXrender.so.1.3.0
6530b000-6530c000 r--p 00008000 08:07 2364637    /usr/lib/i386-linux-gnu/libXrender.so.1.3.0
6530c000-6530d000 rw-p 00009000 08:07 2364637    /usr/lib/i386-linux-gnu/libXrender.so.1.3.0
6530d000-6530e000 r--s 00000000 08:07 1449636    /var/cache/fontconfig/b9d506c9ac06c20b433354fa67a72993-le32d4.cache-4
6530e000-6530f000 r--s 00000000 08:07 1449612    /var/cache/fontconfig/0c9eb80ebd1c36541ebe2852d3bb0c49-le32d4.cache-4
6530f000-65324000 r-xp 00000000 08:07 399427     /home/arun/jdk1.8.0_101/jre/lib/i386/libnet.so
65324000-65325000 rw-p 00015000 08:07 399427     /home/arun/jdk1.8.0_101/jre/lib/i386/libnet.so
65325000-6532a000 r--s 002f9000 08:07 399188     /home/arun/jdk1.8.0_101/jre/lib/charsets.jar
6532a000-6532b000 r--s 00003000 08:07 284973     /home/arun/json-simple-1.1.jar
6532b000-6533d000 r--s 001a0000 08:07 278518     /home/arun/itextpdf-5.3.2.jar
6533d000-6533e000 r--s 00003000 08:07 267332     /home/arun/way2sms-api-4.0.0.jar
6533e000-65341000 ---p 00000000 00:00 0 
65341000-6538f000 rw-p 00000000 00:00 0 
6538f000-65568000 r--s 03d29000 08:07 399200     /home/arun/jdk1.8.0_101/jre/lib/rt.jar
65568000-659ae000 rw-p 00000000 00:00 0 
659ae000-659b4000 ---p 00000000 00:00 0 
659b4000-67d00000 rw-p 00000000 00:00 0 
67d00000-67dff000 rw-p 00000000 00:00 0 
67dff000-67e00000 ---p 00000000 00:00 0 
67e00000-67e01000 r--s 00004000 08:07 278505     /home/arun/swtgraphics2d.jar
67e01000-67e03000 r--s 00009000 08:07 270115     /home/arun/smtp.jar
67e03000-67e06000 r--s 00011000 08:07 278498     /home/arun/servlet.jar
67e06000-67e07000 r--s 00008000 08:07 270097     /home/arun/pop3.jar
67e07000-67e0e000 r--s 00066000 08:07 278491     /home/arun/orsoncharts-1.4-eval-nofx.jar
67e0e000-67e12000 r--s 00035000 08:07 270086     /home/arun/mailapi.jar
67e12000-67e19000 r--s 00064000 08:07 270101     /home/arun/mail.jar
67e19000-67e1f000 r--s 00036000 08:07 278490     /home/arun/junit-4.11.jar
67e1f000-67e30000 r--s 0016f000 08:07 278405     /home/arun/jfreechart-1.0.19.jar
67e30000-67e31000 ---p 00000000 00:00 0 
67e31000-67f00000 rw-p 00000000 00:00 0 
67f00000-67f21000 rw-p 00000000 00:00 0 
67f21000-68000000 ---p 00000000 00:00 0 
68000000-68002000 r--s 00010000 08:07 278496     /home/arun/orsonpdf-1.6-eval.jar
68002000-68004000 r--s 0000b000 08:07 278483     /home/arun/jfreesvg-2.0.jar
68004000-68006000 r--s 00012000 08:07 278436     /home/arun/jfreechart-1.0.19-swt.jar
68006000-68007000 r--s 00003000 08:07 278407     /home/arun/jfreechart-1.0.19-experimental.jar
68007000-68015000 r--s 00151000 08:07 278406     /home/arun/jfreechart-1.0.19-demo.jar
68015000-6801b000 r--s 0004b000 08:07 266729     /home/arun/jcommon-1.0.23.jar
6801b000-6801d000 r--s 000e0000 08:07 270068     /home/arun/jar_for_mail-20160930T123919Z.zip
6801d000-68020000 r--s 00027000 08:07 270085     /home/arun/imap.jar
68020000-68022000 r--s 00009000 08:07 266651     /home/arun/hamcrest-core-1.3.jar
68022000-68032000 r--s 000c8000 08:07 266923     /home/arun/freemarker-2.3.16.jar
68032000-68038000 r--s 0003e000 08:07 267323     /home/arun/commons-io-1.4.jar
68038000-68047000 r--s 0011a000 08:07 269961     /home/arun/jfreechart-1.0.6.jar
68047000-680d0000 rw-p 00000000 00:00 0 
680d0000-68209000 ---p 00000000 00:00 0 
68209000-6821f000 rw-p 00000000 00:00 0 
6821f000-68357000 ---p 00000000 00:00 0 
68357000-68367000 rw-p 00000000 00:00 0 
68367000-683ff000 ---p 00000000 00:00 0 
683ff000-6aec0000 rw-p 00000000 00:00 0 
6aec0000-92180000 ---p 00000000 00:00 0 
92180000-93f00000 rw-p 00000000 00:00 0 
93f00000-a7000000 ---p 00000000 00:00 0 
a7000000-a7001000 r--s 00004000 08:07 270081     /home/arun/dsn.jar
a7001000-a7004000 r--s 00013000 08:07 270165     /home/arun/commons-io-1.3.2.jar
a7004000-a7006000 r--s 0000c000 08:07 270079     /home/arun/activation.jar
a7006000-a700b000 r--s 00042000 08:07 269914     /home/arun/jcommon.jar
a700b000-a700c000 ---p 00000000 00:00 0 
a700c000-a708c000 rw-p 00000000 00:00 0 
a708c000-a708d000 ---p 00000000 00:00 0 
a708d000-a7130000 rw-p 00000000 00:00 0 
a7130000-a74cd000 ---p 00000000 00:00 0 
a74cd000-a7d55000 rwxp 00000000 00:00 0 
a7d55000-b64cd000 ---p 00000000 00:00 0 
b64cd000-b64e6000 r-xp 00000000 08:07 399429     /home/arun/jdk1.8.0_101/jre/lib/i386/libzip.so
b64e6000-b64e7000 rw-p 00019000 08:07 399429     /home/arun/jdk1.8.0_101/jre/lib/i386/libzip.so
b64e7000-b64fc000 r-xp 00000000 08:07 394598     /lib/i386-linux-gnu/libnsl-2.19.so
b64fc000-b64fd000 r--p 00015000 08:07 394598     /lib/i386-linux-gnu/libnsl-2.19.so
b64fd000-b64fe000 rw-p 00016000 08:07 394598     /lib/i386-linux-gnu/libnsl-2.19.so
b64fe000-b6500000 rw-p 00000000 00:00 0 
b6500000-b65f9000 rw-p 00000000 00:00 0 
b65f9000-b6600000 ---p 00000000 00:00 0 
b6600000-b660a000 r-xp 00000000 08:07 394604     /lib/i386-linux-gnu/libnss_files-2.19.so
b660a000-b660b000 r--p 00009000 08:07 394604     /lib/i386-linux-gnu/libnss_files-2.19.so
b660b000-b660c000 rw-p 0000a000 08:07 394604     /lib/i386-linux-gnu/libnss_files-2.19.so
b660c000-b6616000 r-xp 00000000 08:07 394614     /lib/i386-linux-gnu/libnss_nis-2.19.so
b6616000-b6617000 r--p 00009000 08:07 394614     /lib/i386-linux-gnu/libnss_nis-2.19.so
b6617000-b6618000 rw-p 0000a000 08:07 394614     /lib/i386-linux-gnu/libnss_nis-2.19.so
b6618000-b6619000 r--s 00013000 08:07 270162     /home/arun/commons-io-1.3.2.jar.zip
b6619000-b6620000 r--s 00094000 08:07 404685     /home/arun/netbeans-8.0.2/java/modules/ext/beansbinding-1.2.1.jar
b6620000-b6628000 r--s 0005f000 08:07 267037     /home/arun/mongo-java-driver-2.11.3.jar
b6628000-b6630000 rw-s 00000000 08:07 1449235    /tmp/hsperfdata_arun/14917
b6630000-b6654000 r-xp 00000000 08:07 399424     /home/arun/jdk1.8.0_101/jre/lib/i386/libjava.so
b6654000-b6655000 rw-p 00023000 08:07 399424     /home/arun/jdk1.8.0_101/jre/lib/i386/libjava.so
b6655000-b665c000 r-xp 00000000 08:07 394657     /lib/i386-linux-gnu/librt-2.19.so
b665c000-b665d000 r--p 00006000 08:07 394657     /lib/i386-linux-gnu/librt-2.19.so
b665d000-b665e000 rw-p 00007000 08:07 394657     /lib/i386-linux-gnu/librt-2.19.so
b665e000-b6661000 ---p 00000000 00:00 0 
b6661000-b66af000 rw-p 00000000 00:00 0 
b66af000-b66f3000 r-xp 00000000 08:07 394579     /lib/i386-linux-gnu/libm-2.19.so
b66f3000-b66f4000 r--p 00043000 08:07 394579     /lib/i386-linux-gnu/libm-2.19.so
b66f4000-b66f5000 rw-p 00044000 08:07 394579     /lib/i386-linux-gnu/libm-2.19.so
b66f5000-b707e000 r-xp 00000000 08:07 399437     /home/arun/jdk1.8.0_101/jre/lib/i386/server/libjvm.so
b707e000-b70eb000 rw-p 00989000 08:07 399437     /home/arun/jdk1.8.0_101/jre/lib/i386/server/libjvm.so
b70eb000-b7514000 rw-p 00000000 00:00 0 
b7514000-b76bc000 r-xp 00000000 08:07 394529     /lib/i386-linux-gnu/libc-2.19.so
b76bc000-b76bd000 ---p 001a8000 08:07 394529     /lib/i386-linux-gnu/libc-2.19.so
b76bd000-b76bf000 r--p 001a8000 08:07 394529     /lib/i386-linux-gnu/libc-2.19.so
b76bf000-b76c0000 rw-p 001aa000 08:07 394529     /lib/i386-linux-gnu/libc-2.19.so
b76c0000-b76c3000 rw-p 00000000 00:00 0 
b76c3000-b76c6000 r-xp 00000000 08:07 394546     /lib/i386-linux-gnu/libdl-2.19.so
b76c6000-b76c7000 r--p 00002000 08:07 394546     /lib/i386-linux-gnu/libdl-2.19.so
b76c7000-b76c8000 rw-p 00003000 08:07 394546     /lib/i386-linux-gnu/libdl-2.19.so
b76c8000-b76dc000 r-xp 00000000 08:07 270536     /home/arun/jdk1.8.0_101/lib/i386/jli/libjli.so
b76dc000-b76dd000 rw-p 00014000 08:07 270536     /home/arun/jdk1.8.0_101/lib/i386/jli/libjli.so
b76dd000-b76de000 rw-p 00000000 00:00 0 
b76de000-b76f6000 r-xp 00000000 08:07 394649     /lib/i386-linux-gnu/libpthread-2.19.so
b76f6000-b76f7000 r--p 00018000 08:07 394649     /lib/i386-linux-gnu/libpthread-2.19.so
b76f7000-b76f8000 rw-p 00019000 08:07 394649     /lib/i386-linux-gnu/libpthread-2.19.so
b76f8000-b76fa000 rw-p 00000000 00:00 0 
b76fa000-b76fb000 r--p 00850000 08:07 2367994    /usr/lib/locale/locale-archive
b76fb000-b7702000 r-xp 00000000 08:07 394600     /lib/i386-linux-gnu/libnss_compat-2.19.so
b7702000-b7703000 r--p 00006000 08:07 394600     /lib/i386-linux-gnu/libnss_compat-2.19.so
b7703000-b7704000 rw-p 00007000 08:07 394600     /lib/i386-linux-gnu/libnss_compat-2.19.so
b7704000-b7705000 rw-p 00000000 00:00 0 
b7705000-b7706000 r--p 00000000 00:00 0 
b7706000-b7711000 r-xp 00000000 08:07 399385     /home/arun/jdk1.8.0_101/jre/lib/i386/libverify.so
b7711000-b7712000 rw-p 0000b000 08:07 399385     /home/arun/jdk1.8.0_101/jre/lib/i386/libverify.so
b7712000-b7714000 rw-p 00000000 00:00 0 
b7714000-b7716000 r--p 00000000 00:00 0          [vvar]
b7716000-b7718000 r-xp 00000000 00:00 0          [vdso]
b7718000-b7738000 r-xp 00000000 08:07 394505     /lib/i386-linux-gnu/ld-2.19.so
b7738000-b7739000 r--p 0001f000 08:07 394505     /lib/i386-linux-gnu/ld-2.19.so
b7739000-b773a000 rw-p 00020000 08:07 394505     /lib/i386-linux-gnu/ld-2.19.so
bf978000-bf979000 rwxp 00000000 00:00 0 
bf9ab000-bf9cc000 rw-p 00000000 00:00 0          [stack]

VM Arguments:
jvm_args: -Dfile.encoding=UTF-8 
java_command: Pennyworth.welcome
java_class_path (initial): /home/arun/mongo-java-driver-2.11.3.jar:/home/arun/netbeans-8.0.2/java/modules/ext/beansbinding-1.2.1.jar:/home/arun/jcommon.jar:/home/arun/jfreechart-1.0.6.jar:/home/arun/activation.jar:/home/arun/commons-io-1.3.2.jar:/home/arun/commons-io-1.3.2.jar.zip:/home/arun/commons-io-1.4.jar:/home/arun/dsn.jar:/home/arun/freemarker-2.3.16.jar:/home/arun/hamcrest-core-1.3.jar:/home/arun/imap.jar:/home/arun/jar_for_mail-20160930T123919Z.zip:/home/arun/jcommon-1.0.23.jar:/home/arun/jfreechart-1.0.19-demo.jar:/home/arun/jfreechart-1.0.19-experimental.jar:/home/arun/jfreechart-1.0.19-swt.jar:/home/arun/jfreechart-1.0.19.jar:/home/arun/jfreesvg-2.0.jar:/home/arun/junit-4.11.jar:/home/arun/mail.jar:/home/arun/mailapi.jar:/home/arun/orsoncharts-1.4-eval-nofx.jar:/home/arun/orsonpdf-1.6-eval.jar:/home/arun/pop3.jar:/home/arun/servlet.jar:/home/arun/smtp.jar:/home/arun/swtgraphics2d.jar:/home/arun/way2sms-api-4.0.0.jar:/home/arun/itextpdf-5.3.2.jar:/home/arun/json-simple-1.1.jar:/home/arun/NetBeansProjects/Pennyworth-MoneyManager1/build/classes
Launcher Type: SUN_STANDARD

Environment Variables:
JAVA_HOME=/usr/lib/jvm/java-8-oracle
PATH=/usr/local/sbin:/usr/local/bin:/usr/sbin:/usr/bin:/sbin:/bin:/usr/games:/usr/local/games:/usr/lib/jvm/java-8-oracle/bin:/usr/lib/jvm/java-8-oracle/db/bin:/usr/lib/jvm/java-8-oracle/jre/bin
LD_LIBRARY_PATH=/home/arun/jdk1.8.0_101/jre/lib/amd64:/home/arun/jdk1.8.0_101/jre/lib/i386:
SHELL=/bin/bash
DISPLAY=:0

Signal Handlers:
SIGSEGV: [libjvm.so+0x8d4e30], sa_mask[0]=11111111011111111101111111111110, sa_flags=SA_RESTART|SA_SIGINFO
SIGBUS: [libjvm.so+0x8d4e30], sa_mask[0]=11111111011111111101111111111110, sa_flags=SA_RESTART|SA_SIGINFO
SIGFPE: [libjvm.so+0x753000], sa_mask[0]=11111111011111111101111111111110, sa_flags=SA_RESTART|SA_SIGINFO
SIGPIPE: [libjvm.so+0x753000], sa_mask[0]=11111111011111111101111111111110, sa_flags=SA_RESTART|SA_SIGINFO
SIGXFSZ: [libjvm.so+0x753000], sa_mask[0]=11111111011111111101111111111110, sa_flags=SA_RESTART|SA_SIGINFO
SIGILL: [libjvm.so+0x753000], sa_mask[0]=11111111011111111101111111111110, sa_flags=SA_RESTART|SA_SIGINFO
SIGUSR1: SIG_DFL, sa_mask[0]=00000000000000000000000000000000, sa_flags=none
SIGUSR2: [libjvm.so+0x754680], sa_mask[0]=00100000000000000000000000000000, sa_flags=SA_RESTART|SA_SIGINFO
SIGHUP: [libjvm.so+0x755b30], sa_mask[0]=11111111011111111101111111111110, sa_flags=SA_RESTART|SA_SIGINFO
SIGINT: SIG_IGN, sa_mask[0]=00000000000000000000000000000000, sa_flags=none
SIGTERM: [libjvm.so+0x755b30], sa_mask[0]=11111111011111111101111111111110, sa_flags=SA_RESTART|SA_SIGINFO
SIGQUIT: [libjvm.so+0x755b30], sa_mask[0]=11111111011111111101111111111110, sa_flags=SA_RESTART|SA_SIGINFO


---------------  S Y S T E M  ---------------

OS:DISTRIB_ID=Ubuntu
DISTRIB_RELEASE=14.04
DISTRIB_CODENAME=trusty
DISTRIB_DESCRIPTION="Ubuntu 14.04.5 LTS"

uname:Linux 4.4.0-45-generic #66~14.04.1-Ubuntu SMP Wed Oct 19 15:07:39 UTC 2016 i686
libc:glibc 2.19 NPTL 2.19 
rlimit: STACK 8192k, CORE 0k, NPROC 31908, NOFILE 4096, AS infinity
load average:0.99 1.10 1.03

/proc/meminfo:
MemTotal:        4105808 kB
MemFree:          410820 kB
MemAvailable:    1473096 kB
Buffers:           74444 kB
Cached:          1331684 kB
SwapCached:        77764 kB
Active:          2204920 kB
Inactive:        1331640 kB
Active(anon):    1545032 kB
Inactive(anon):   608308 kB
Active(file):     659888 kB
Inactive(file):   723332 kB
Unevictable:          92 kB
Mlocked:              92 kB
HighTotal:       3247464 kB
HighFree:         177452 kB
LowTotal:         858344 kB
LowFree:          233368 kB
SwapTotal:       1998844 kB
SwapFree:        1511096 kB
Dirty:              1440 kB
Writeback:             0 kB
AnonPages:       2069956 kB
Mapped:           244564 kB
Shmem:             22576 kB
Slab:              90964 kB
SReclaimable:      63356 kB
SUnreclaim:        27608 kB
KernelStack:        6960 kB
PageTables:        16000 kB
NFS_Unstable:          0 kB
Bounce:              400 kB
WritebackTmp:          0 kB
CommitLimit:     4051748 kB
Committed_AS:    6800008 kB
VmallocTotal:     122880 kB
VmallocUsed:           0 kB
VmallocChunk:          0 kB
AnonHugePages:   1382400 kB
CmaTotal:              0 kB
CmaFree:               0 kB
HugePages_Total:       0
HugePages_Free:        0
HugePages_Rsvd:        0
HugePages_Surp:        0
Hugepagesize:       2048 kB
DirectMap4k:      188408 kB
DirectMap2M:      724992 kB


CPU:total 2 (2 cores per cpu, 1 threads per core) family 6 model 23 stepping 10, cmov, cx8, fxsr, mmx, sse, sse2, sse3, ssse3, sse4.1, tsc

/proc/cpuinfo:
processor	: 0
vendor_id	: GenuineIntel
cpu family	: 6
model		: 23
model name	: Intel(R) Core(TM)2 Duo CPU     T6600  @ 2.20GHz
stepping	: 10
microcode	: 0xa07
cpu MHz		: 2200.000
cache size	: 2048 KB
physical id	: 0
siblings	: 2
core id		: 0
cpu cores	: 2
apicid		: 0
initial apicid	: 0
fdiv_bug	: no
f00f_bug	: no
coma_bug	: no
fpu		: yes
fpu_exception	: yes
cpuid level	: 13
wp		: yes
flags		: fpu vme de pse tsc msr pae mce cx8 apic sep mtrr pge mca cmov pat pse36 clflush dts acpi mmx fxsr sse sse2 ss ht tm pbe nx lm constant_tsc arch_perfmon pebs bts aperfmperf pni dtes64 monitor ds_cpl est tm2 ssse3 cx16 xtpr pdcm sse4_1 xsave lahf_lm dtherm
bugs		:
bogomips	: 4388.94
clflush size	: 64
cache_alignment	: 64
address sizes	: 36 bits physical, 48 bits virtual
power management:

processor	: 1
vendor_id	: GenuineIntel
cpu family	: 6
model		: 23
model name	: Intel(R) Core(TM)2 Duo CPU     T6600  @ 2.20GHz
stepping	: 10
microcode	: 0xa07
cpu MHz		: 2200.000
cache size	: 2048 KB
physical id	: 0
siblings	: 2
core id		: 1
cpu cores	: 2
apicid		: 1
initial apicid	: 1
fdiv_bug	: no
f00f_bug	: no
coma_bug	: no
fpu		: yes
fpu_exception	: yes
cpuid level	: 13
wp		: yes
flags		: fpu vme de pse tsc msr pae mce cx8 apic sep mtrr pge mca cmov pat pse36 clflush dts acpi mmx fxsr sse sse2 ss ht tm pbe nx lm constant_tsc arch_perfmon pebs bts aperfmperf pni dtes64 monitor ds_cpl est tm2 ssse3 cx16 xtpr pdcm sse4_1 xsave lahf_lm dtherm
bugs		:
bogomips	: 4388.94
clflush size	: 64
cache_alignment	: 64
address sizes	: 36 bits physical, 48 bits virtual
power management:



Memory: 4k page, physical 4105808k(517096k free), swap 1998844k(1533124k free)

vm_info: Java HotSpot(TM) Server VM (25.101-b13) for linux-x86 JRE (1.8.0_101-b13), built on Jun 22 2016 02:31:35 by "java_re" with gcc 4.3.0 20080428 (Red Hat 4.3.0-8)

time: Wed Oct 26 00:25:56 2016
elapsed time: 768 seconds (0d 0h 12m 48s)

